2025-09-15 17:18:31,933 - INFO - Iniciando migración de proveedores
2025-09-15 17:18:31,953 - INFO - Eliminados 3 registros existentes de Proveedor
2025-09-15 17:18:32,092 - INFO - Precargando relaciones en memoria...
2025-09-15 17:18:32,696 - INFO - Relaciones precargadas en memoria
2025-09-15 17:18:32,709 - INFO - DBF cargado en memoria. Total registros: 175
2025-09-15 17:18:32,859 - INFO - Migración completada. Total registros procesados: 175/175. Tiempo: 0.93 segundos
<<<<<<< HEAD
2025-11-04 15:25:41,418 - INFO - Iniciando migración de proveedores
2025-11-04 15:25:41,582 - INFO - Precargando relaciones en memoria...
2025-11-04 15:25:42,232 - INFO - Relaciones precargadas en memoria
2025-11-04 15:25:42,279 - INFO - DBF cargado en memoria. Total registros: 181
2025-11-04 15:25:42,505 - INFO - Migración completada. Total registros procesados: 181/181. Tiempo: 1.09 segundos
=======
2025-11-04 15:45:13,153 - INFO - Iniciando migración de proveedores
2025-11-04 15:45:13,290 - INFO - Precargando relaciones en memoria...
2025-11-04 15:45:13,983 - INFO - Relaciones precargadas en memoria
2025-11-04 15:45:14,006 - INFO - DBF cargado en memoria. Total registros: 181
2025-11-04 15:45:14,213 - INFO - Migración completada. Total registros procesados: 181/181. Tiempo: 1.06 segundos
>>>>>>> d311bbdc18e5e0e67a7fdeab07fa082aeb999f62
2025-11-10 14:14:36,148 - INFO - Iniciando migración de proveedores
2025-11-10 14:14:36,306 - INFO - Precargando relaciones en memoria...
2025-11-10 14:14:36,835 - INFO - Relaciones precargadas en memoria
2025-11-10 14:14:36,871 - INFO - DBF cargado en memoria. Total registros: 181
2025-11-10 14:14:37,087 - INFO - Migración completada. Total registros procesados: 181/181. Tiempo: 0.94 segundos
2025-12-26 18:04:45,760 - INFO - Iniciando migración de proveedores
2025-12-26 18:04:45,862 - INFO - Precargando relaciones en memoria...
2025-12-26 18:04:46,536 - INFO - Relaciones precargadas en memoria
2025-12-26 18:04:46,552 - INFO - DBF cargado en memoria. Total registros: 181
2025-12-26 18:04:46,755 - INFO - Migración completada. Total registros procesados: 181/181. Tiempo: 0.99 segundos
2026-01-05 12:22:56,795 - INFO - Iniciando migración de proveedores
2026-01-05 12:22:56,905 - INFO - Precargando relaciones en memoria...
2026-01-05 12:22:57,463 - INFO - Relaciones precargadas en memoria
2026-01-05 12:22:57,474 - INFO - DBF cargado en memoria. Total registros: 181
2026-01-05 12:22:57,646 - INFO - Migración completada. Total registros procesados: 181/181. Tiempo: 0.85 segundos
2026-01-08 11:23:41,213 - INFO - Iniciando migración de proveedores
2026-01-08 11:23:41,326 - INFO - Precargando relaciones en memoria...
2026-01-08 11:23:42,011 - INFO - Relaciones precargadas en memoria
2026-01-08 11:23:42,051 - INFO - DBF cargado en memoria. Total registros: 181
2026-01-08 11:23:42,230 - INFO - Migración completada. Total registros procesados: 181/181. Tiempo: 1.02 segundos
2026-01-08 15:27:58,555 - INFO - Iniciando migración de proveedores
2026-01-08 15:27:58,664 - INFO - Precargando relaciones en memoria...
2026-01-08 15:27:59,334 - INFO - Relaciones precargadas en memoria
2026-01-08 15:27:59,347 - INFO - DBF cargado en memoria. Total registros: 181
2026-01-08 15:27:59,541 - INFO - Migración completada. Total registros procesados: 181/181. Tiempo: 0.99 segundos
