2025-09-17 14:23:58,141 - INFO - Eliminados 123049 registros existentes
2025-09-17 14:23:59,035 - INFO - Lote guardado: 1000 registros
2025-09-17 14:23:59,710 - INFO - Lote guardado: 1000 registros
2025-09-17 14:24:00,372 - INFO - Lote guardado: 1000 registros
2025-09-17 14:24:01,057 - INFO - Lote guardado: 1000 registros
2025-09-17 14:24:01,706 - INFO - Lote guardado: 1000 registros
2025-09-17 14:24:02,444 - INFO - Lote guardado: 1000 registros
2025-09-17 14:24:03,148 - INFO - Lote guardado: 1000 registros
2025-09-17 14:24:03,843 - INFO - Lote guardado: 1000 registros
2025-09-17 14:24:04,514 - INFO - Lote guardado: 1000 registros
2025-09-17 14:24:05,164 - INFO - Lote guardado: 1000 registros
2025-09-17 14:24:05,830 - INFO - Lote guardado: 1000 registros
2025-09-17 14:24:06,510 - INFO - Lote guardado: 1000 registros
2025-09-17 14:24:07,238 - INFO - Lote guardado: 1000 registros
2025-09-17 14:24:08,064 - INFO - Lote guardado: 1000 registros
2025-09-17 14:24:08,789 - INFO - Lote guardado: 1000 registros
2025-09-17 14:24:09,497 - INFO - Lote guardado: 1000 registros
2025-09-17 14:24:10,188 - INFO - Lote guardado: 1000 registros
2025-09-17 14:24:10,914 - INFO - Lote guardado: 1000 registros
2025-09-17 14:24:11,680 - INFO - Lote guardado: 1000 registros
2025-09-17 14:24:12,505 - INFO - Lote guardado: 1000 registros
2025-09-17 14:24:13,117 - INFO - Lote guardado: 1000 registros
2025-09-17 14:24:13,905 - INFO - Lote guardado: 1000 registros
2025-09-17 14:24:14,597 - INFO - Lote guardado: 1000 registros
2025-09-17 14:24:15,405 - INFO - Lote guardado: 1000 registros
2025-09-17 14:24:16,246 - INFO - Lote guardado: 1000 registros
2025-09-17 14:24:17,105 - INFO - Lote guardado: 1000 registros
2025-09-17 14:24:17,889 - INFO - Lote guardado: 1000 registros
2025-09-17 14:24:18,588 - INFO - Lote guardado: 1000 registros
2025-09-17 14:24:19,322 - INFO - Lote guardado: 1000 registros
2025-09-17 14:24:19,966 - INFO - Lote guardado: 1000 registros
2025-09-17 14:24:20,675 - INFO - Lote guardado: 1000 registros
2025-09-17 14:24:21,371 - INFO - Lote guardado: 1000 registros
2025-09-17 14:24:22,143 - INFO - Lote guardado: 1000 registros
2025-09-17 14:24:22,896 - INFO - Lote guardado: 1000 registros
2025-09-17 14:24:23,672 - INFO - Lote guardado: 1000 registros
2025-09-17 14:24:24,464 - INFO - Lote guardado: 1000 registros
2025-09-17 14:24:25,282 - INFO - Lote guardado: 1000 registros
2025-09-17 14:24:25,954 - INFO - Lote guardado: 1000 registros
2025-09-17 14:24:26,646 - INFO - Lote guardado: 1000 registros
2025-09-17 14:24:27,437 - INFO - Lote guardado: 1000 registros
2025-09-17 14:24:28,146 - INFO - Lote guardado: 1000 registros
2025-09-17 14:24:28,871 - INFO - Lote guardado: 1000 registros
2025-09-17 14:24:29,721 - INFO - Lote guardado: 1000 registros
2025-09-17 14:24:30,405 - INFO - Lote guardado: 1000 registros
2025-09-17 14:24:31,104 - INFO - Lote guardado: 1000 registros
2025-09-17 14:24:31,755 - INFO - Lote guardado: 1000 registros
2025-09-17 14:24:32,429 - INFO - Lote guardado: 1000 registros
2025-09-17 14:24:33,129 - INFO - Lote guardado: 1000 registros
2025-09-17 14:24:33,873 - INFO - Lote guardado: 1000 registros
2025-09-17 14:24:34,690 - INFO - Lote guardado: 1000 registros
2025-09-17 14:24:35,463 - INFO - Lote guardado: 1000 registros
2025-09-17 14:24:36,214 - INFO - Lote guardado: 1000 registros
2025-09-17 14:24:37,062 - INFO - Lote guardado: 1000 registros
2025-09-17 14:24:37,788 - INFO - Lote guardado: 1000 registros
2025-09-17 14:24:38,616 - INFO - Lote guardado: 1000 registros
2025-09-17 14:24:39,361 - INFO - Lote guardado: 1000 registros
2025-09-17 14:24:40,187 - INFO - Lote guardado: 1000 registros
2025-09-17 14:24:40,913 - INFO - Lote guardado: 1000 registros
2025-09-17 14:24:41,685 - INFO - Lote guardado: 1000 registros
2025-09-17 14:24:42,436 - INFO - Lote guardado: 1000 registros
2025-09-17 14:24:43,170 - INFO - Lote guardado: 1000 registros
2025-09-17 14:24:43,804 - INFO - Lote guardado: 1000 registros
2025-09-17 14:24:44,571 - INFO - Lote guardado: 1000 registros
2025-09-17 14:24:45,303 - INFO - Lote guardado: 1000 registros
2025-09-17 14:24:46,079 - INFO - Lote guardado: 1000 registros
2025-09-17 14:24:46,820 - INFO - Lote guardado: 1000 registros
2025-09-17 14:24:47,536 - INFO - Lote guardado: 1000 registros
2025-09-17 14:24:48,181 - INFO - Lote guardado: 1000 registros
2025-09-17 14:24:49,028 - INFO - Lote guardado: 1000 registros
2025-09-17 14:24:49,829 - INFO - Lote guardado: 1000 registros
2025-09-17 14:24:50,637 - INFO - Lote guardado: 1000 registros
2025-09-17 14:24:51,362 - INFO - Lote guardado: 1000 registros
2025-09-17 14:24:52,061 - INFO - Lote guardado: 1000 registros
2025-09-17 14:24:52,770 - INFO - Lote guardado: 1000 registros
2025-09-17 14:24:53,495 - INFO - Lote guardado: 1000 registros
2025-09-17 14:24:54,254 - INFO - Lote guardado: 1000 registros
2025-09-17 14:24:54,962 - INFO - Lote guardado: 1000 registros
2025-09-17 14:24:55,678 - INFO - Lote guardado: 1000 registros
2025-09-17 14:24:56,412 - INFO - Lote guardado: 1000 registros
2025-09-17 14:24:57,153 - INFO - Lote guardado: 1000 registros
2025-09-17 14:24:57,944 - INFO - Lote guardado: 1000 registros
2025-09-17 14:24:58,616 - INFO - Lote guardado: 1000 registros
2025-09-17 14:24:59,486 - INFO - Lote guardado: 1000 registros
2025-09-17 14:25:00,178 - INFO - Lote guardado: 1000 registros
2025-09-17 14:25:00,958 - INFO - Lote guardado: 1000 registros
2025-09-17 14:25:01,702 - INFO - Lote guardado: 1000 registros
2025-09-17 14:25:02,454 - INFO - Lote guardado: 1000 registros
2025-09-17 14:25:03,185 - INFO - Lote guardado: 1000 registros
2025-09-17 14:25:03,961 - INFO - Lote guardado: 1000 registros
2025-09-17 14:25:04,687 - INFO - Lote guardado: 1000 registros
2025-09-17 14:25:05,428 - INFO - Lote guardado: 1000 registros
2025-09-17 14:25:06,186 - INFO - Lote guardado: 1000 registros
2025-09-17 14:25:06,912 - INFO - Lote guardado: 1000 registros
2025-09-17 14:25:07,670 - INFO - Lote guardado: 1000 registros
2025-09-17 14:25:08,419 - INFO - Lote guardado: 1000 registros
2025-09-17 14:25:09,136 - INFO - Lote guardado: 1000 registros
2025-09-17 14:25:09,920 - INFO - Lote guardado: 1000 registros
2025-09-17 14:25:10,653 - INFO - Lote guardado: 1000 registros
2025-09-17 14:25:11,461 - INFO - Lote guardado: 1000 registros
2025-09-17 14:25:12,295 - INFO - Lote guardado: 1000 registros
2025-09-17 14:25:13,077 - INFO - Lote guardado: 1000 registros
2025-09-17 14:25:13,895 - INFO - Lote guardado: 1000 registros
2025-09-17 14:25:14,694 - INFO - Lote guardado: 1000 registros
2025-09-17 14:25:15,472 - INFO - Lote guardado: 1000 registros
2025-09-17 14:25:16,219 - INFO - Lote guardado: 1000 registros
2025-09-17 14:25:16,994 - INFO - Lote guardado: 1000 registros
2025-09-17 14:25:17,703 - INFO - Lote guardado: 1000 registros
2025-09-17 14:25:18,444 - INFO - Lote guardado: 1000 registros
2025-09-17 14:25:19,106 - INFO - Lote guardado: 1000 registros
2025-09-17 14:25:19,861 - INFO - Lote guardado: 1000 registros
2025-09-17 14:25:20,621 - INFO - Lote guardado: 1000 registros
2025-09-17 14:25:21,427 - INFO - Lote guardado: 1000 registros
2025-09-17 14:25:22,161 - INFO - Lote guardado: 1000 registros
2025-09-17 14:25:22,869 - INFO - Lote guardado: 1000 registros
2025-09-17 14:25:23,676 - INFO - Lote guardado: 1000 registros
2025-09-17 14:25:24,353 - INFO - Lote guardado: 1000 registros
2025-09-17 14:25:25,077 - INFO - Lote guardado: 1000 registros
2025-09-17 14:25:25,763 - INFO - Lote guardado: 1000 registros
2025-09-17 14:25:26,527 - INFO - Lote guardado: 1000 registros
2025-09-17 14:25:27,244 - INFO - Lote guardado: 1000 registros
2025-09-17 14:25:28,027 - INFO - Lote guardado: 1000 registros
2025-09-17 14:25:28,783 - INFO - Lote guardado: 1000 registros
2025-09-17 14:25:29,602 - INFO - Lote guardado: 1000 registros
2025-09-17 14:25:29,818 - INFO - Último lote guardado: 49 registros
2025-09-17 14:25:29,818 - INFO - Migración completada. Registros: 123049, Errores: 0
2025-09-17 14:25:29,819 - INFO - Tiempo total: 102.66 segundos
2025-09-19 09:31:38,982 - INFO - Eliminados 0 registros existentes
2025-09-19 09:31:39,748 - INFO - Lote guardado: 1000 registros
2025-09-19 09:31:40,334 - INFO - Lote guardado: 1000 registros
2025-09-19 09:31:40,835 - INFO - Lote guardado: 1000 registros
2025-09-19 09:31:41,350 - INFO - Lote guardado: 1000 registros
2025-09-19 09:31:41,828 - INFO - Lote guardado: 1000 registros
2025-09-19 09:31:42,382 - INFO - Lote guardado: 1000 registros
2025-09-19 09:31:42,966 - INFO - Lote guardado: 1000 registros
2025-09-19 09:31:43,532 - INFO - Lote guardado: 1000 registros
2025-09-19 09:31:44,084 - INFO - Lote guardado: 1000 registros
2025-09-19 09:31:44,620 - INFO - Lote guardado: 1000 registros
2025-09-19 09:31:45,172 - INFO - Lote guardado: 1000 registros
2025-09-19 09:31:45,701 - INFO - Lote guardado: 1000 registros
2025-09-19 09:31:46,264 - INFO - Lote guardado: 1000 registros
2025-09-19 09:31:46,809 - INFO - Lote guardado: 1000 registros
2025-09-19 09:31:47,339 - INFO - Lote guardado: 1000 registros
2025-09-19 09:31:47,867 - INFO - Lote guardado: 1000 registros
2025-09-19 09:31:48,388 - INFO - Lote guardado: 1000 registros
2025-09-19 09:31:48,893 - INFO - Lote guardado: 1000 registros
2025-09-19 09:31:49,409 - INFO - Lote guardado: 1000 registros
2025-09-19 09:31:49,913 - INFO - Lote guardado: 1000 registros
2025-09-19 09:31:50,467 - INFO - Lote guardado: 1000 registros
2025-09-19 09:31:50,977 - INFO - Lote guardado: 1000 registros
2025-09-19 09:31:51,497 - INFO - Lote guardado: 1000 registros
2025-09-19 09:31:52,030 - INFO - Lote guardado: 1000 registros
2025-09-19 09:31:52,594 - INFO - Lote guardado: 1000 registros
2025-09-19 09:31:53,084 - INFO - Lote guardado: 1000 registros
2025-09-19 09:31:53,621 - INFO - Lote guardado: 1000 registros
2025-09-19 09:31:54,158 - INFO - Lote guardado: 1000 registros
2025-09-19 09:31:54,721 - INFO - Lote guardado: 1000 registros
2025-09-19 09:31:55,257 - INFO - Lote guardado: 1000 registros
2025-09-19 09:31:55,793 - INFO - Lote guardado: 1000 registros
2025-09-19 09:31:56,330 - INFO - Lote guardado: 1000 registros
2025-09-19 09:31:56,909 - INFO - Lote guardado: 1000 registros
2025-09-19 09:31:57,422 - INFO - Lote guardado: 1000 registros
2025-09-19 09:31:57,971 - INFO - Lote guardado: 1000 registros
2025-09-19 09:31:58,514 - INFO - Lote guardado: 1000 registros
2025-09-19 09:31:59,066 - INFO - Lote guardado: 1000 registros
2025-09-19 09:31:59,599 - INFO - Lote guardado: 1000 registros
2025-09-19 09:32:00,143 - INFO - Lote guardado: 1000 registros
2025-09-19 09:32:00,662 - INFO - Lote guardado: 1000 registros
2025-09-19 09:32:01,244 - INFO - Lote guardado: 1000 registros
2025-09-19 09:32:01,825 - INFO - Lote guardado: 1000 registros
2025-09-19 09:32:02,393 - INFO - Lote guardado: 1000 registros
2025-09-19 09:32:02,958 - INFO - Lote guardado: 1000 registros
2025-09-19 09:32:03,510 - INFO - Lote guardado: 1000 registros
2025-09-19 09:32:04,039 - INFO - Lote guardado: 1000 registros
2025-09-19 09:32:04,607 - INFO - Lote guardado: 1000 registros
2025-09-19 09:32:05,141 - INFO - Lote guardado: 1000 registros
2025-09-19 09:32:05,757 - INFO - Lote guardado: 1000 registros
2025-09-19 09:32:06,325 - INFO - Lote guardado: 1000 registros
2025-09-19 09:32:06,894 - INFO - Lote guardado: 1000 registros
2025-09-19 09:32:07,508 - INFO - Lote guardado: 1000 registros
2025-09-19 09:32:08,074 - INFO - Lote guardado: 1000 registros
2025-09-19 09:32:08,639 - INFO - Lote guardado: 1000 registros
2025-09-19 09:32:09,220 - INFO - Lote guardado: 1000 registros
2025-09-19 09:32:09,785 - INFO - Lote guardado: 1000 registros
2025-09-19 09:32:10,433 - INFO - Lote guardado: 1000 registros
2025-09-19 09:32:11,038 - INFO - Lote guardado: 1000 registros
2025-09-19 09:32:11,667 - INFO - Lote guardado: 1000 registros
2025-09-19 09:32:12,283 - INFO - Lote guardado: 1000 registros
2025-09-19 09:32:12,979 - INFO - Lote guardado: 1000 registros
2025-09-19 09:32:13,548 - INFO - Lote guardado: 1000 registros
2025-09-19 09:32:14,175 - INFO - Lote guardado: 1000 registros
2025-09-19 09:32:14,849 - INFO - Lote guardado: 1000 registros
2025-09-19 09:32:15,448 - INFO - Lote guardado: 1000 registros
2025-09-19 09:32:16,000 - INFO - Lote guardado: 1000 registros
2025-09-19 09:32:16,566 - INFO - Lote guardado: 1000 registros
2025-09-19 09:32:17,117 - INFO - Lote guardado: 1000 registros
2025-09-19 09:32:17,721 - INFO - Lote guardado: 1000 registros
2025-09-19 09:32:18,265 - INFO - Lote guardado: 1000 registros
2025-09-19 09:32:18,884 - INFO - Lote guardado: 1000 registros
2025-09-19 09:32:19,477 - INFO - Lote guardado: 1000 registros
2025-09-19 09:32:20,108 - INFO - Lote guardado: 1000 registros
2025-09-19 09:32:20,674 - INFO - Lote guardado: 1000 registros
2025-09-19 09:32:21,259 - INFO - Lote guardado: 1000 registros
2025-09-19 09:32:21,854 - INFO - Lote guardado: 1000 registros
2025-09-19 09:32:22,453 - INFO - Lote guardado: 1000 registros
2025-09-19 09:32:23,001 - INFO - Lote guardado: 1000 registros
2025-09-19 09:32:23,572 - INFO - Lote guardado: 1000 registros
2025-09-19 09:32:24,154 - INFO - Lote guardado: 1000 registros
2025-09-19 09:32:24,782 - INFO - Lote guardado: 1000 registros
2025-09-19 09:32:25,360 - INFO - Lote guardado: 1000 registros
2025-09-19 09:32:25,942 - INFO - Lote guardado: 1000 registros
2025-09-19 09:32:26,507 - INFO - Lote guardado: 1000 registros
2025-09-19 09:32:27,116 - INFO - Lote guardado: 1000 registros
2025-09-19 09:32:27,674 - INFO - Lote guardado: 1000 registros
2025-09-19 09:32:28,256 - INFO - Lote guardado: 1000 registros
2025-09-19 09:32:28,854 - INFO - Lote guardado: 1000 registros
2025-09-19 09:32:29,467 - INFO - Lote guardado: 1000 registros
2025-09-19 09:32:30,024 - INFO - Lote guardado: 1000 registros
2025-09-19 09:32:30,594 - INFO - Lote guardado: 1000 registros
2025-09-19 09:32:31,196 - INFO - Lote guardado: 1000 registros
2025-09-19 09:32:31,812 - INFO - Lote guardado: 1000 registros
2025-09-19 09:32:32,548 - INFO - Lote guardado: 1000 registros
2025-09-19 09:32:33,199 - INFO - Lote guardado: 1000 registros
2025-09-19 09:32:33,771 - INFO - Lote guardado: 1000 registros
2025-09-19 09:32:34,448 - INFO - Lote guardado: 1000 registros
2025-09-19 09:32:35,024 - INFO - Lote guardado: 1000 registros
2025-09-19 09:32:35,588 - INFO - Lote guardado: 1000 registros
2025-09-19 09:32:36,172 - INFO - Lote guardado: 1000 registros
2025-09-19 09:32:36,782 - INFO - Lote guardado: 1000 registros
2025-09-19 09:32:37,364 - INFO - Lote guardado: 1000 registros
2025-09-19 09:32:37,966 - INFO - Lote guardado: 1000 registros
2025-09-19 09:32:38,524 - INFO - Lote guardado: 1000 registros
2025-09-19 09:32:39,148 - INFO - Lote guardado: 1000 registros
2025-09-19 09:32:39,769 - INFO - Lote guardado: 1000 registros
2025-09-19 09:32:40,382 - INFO - Lote guardado: 1000 registros
2025-09-19 09:32:40,956 - INFO - Lote guardado: 1000 registros
2025-09-19 09:32:41,543 - INFO - Lote guardado: 1000 registros
2025-09-19 09:32:42,174 - INFO - Lote guardado: 1000 registros
2025-09-19 09:32:42,860 - INFO - Lote guardado: 1000 registros
2025-09-19 09:32:43,481 - INFO - Lote guardado: 1000 registros
2025-09-19 09:32:44,118 - INFO - Lote guardado: 1000 registros
2025-09-19 09:32:44,752 - INFO - Lote guardado: 1000 registros
2025-09-19 09:32:45,403 - INFO - Lote guardado: 1000 registros
2025-09-19 09:32:46,070 - INFO - Lote guardado: 1000 registros
2025-09-19 09:32:46,729 - INFO - Lote guardado: 1000 registros
2025-09-19 09:32:47,314 - INFO - Lote guardado: 1000 registros
2025-09-19 09:32:47,964 - INFO - Lote guardado: 1000 registros
2025-09-19 09:32:48,575 - INFO - Lote guardado: 1000 registros
2025-09-19 09:32:49,201 - INFO - Lote guardado: 1000 registros
2025-09-19 09:32:49,860 - INFO - Lote guardado: 1000 registros
2025-09-19 09:32:50,568 - INFO - Lote guardado: 1000 registros
2025-09-19 09:32:50,808 - INFO - Último lote guardado: 49 registros
2025-09-19 09:32:50,808 - INFO - Migración completada. Registros: 123049, Errores: 0
2025-09-19 09:32:50,808 - INFO - Tiempo total: 71.90 segundos
