2025-07-23 18:54:44,772 - INFO - Eliminados 52000 registros existentes
2025-07-23 18:54:50,137 - INFO - Lote guardado: 1000 registros
2025-07-23 18:54:50,930 - INFO - Lote guardado: 1000 registros
2025-07-23 18:54:51,780 - INFO - Lote guardado: 1000 registros
2025-07-23 18:54:52,730 - INFO - Lote guardado: 1000 registros
2025-07-23 18:54:53,496 - INFO - Lote guardado: 1000 registros
2025-07-23 18:54:54,272 - INFO - Lote guardado: 1000 registros
2025-07-23 18:54:55,064 - INFO - Lote guardado: 1000 registros
2025-07-23 18:54:55,913 - INFO - Lote guardado: 1000 registros
2025-07-23 18:54:56,688 - INFO - Lote guardado: 1000 registros
2025-07-23 18:54:57,621 - INFO - Lote guardado: 1000 registros
2025-07-23 18:54:58,487 - INFO - Lote guardado: 1000 registros
2025-07-23 18:54:59,288 - INFO - Lote guardado: 1000 registros
2025-07-23 18:55:00,104 - INFO - Lote guardado: 1000 registros
2025-07-23 18:55:00,938 - INFO - Lote guardado: 1000 registros
2025-07-23 18:55:01,930 - INFO - Lote guardado: 1000 registros
2025-07-23 18:55:02,838 - INFO - Lote guardado: 1000 registros
2025-07-23 18:55:03,745 - INFO - Lote guardado: 1000 registros
2025-07-23 18:55:04,623 - INFO - Lote guardado: 1000 registros
2025-07-23 18:55:05,579 - INFO - Lote guardado: 1000 registros
2025-07-23 18:55:06,487 - INFO - Lote guardado: 1000 registros
2025-07-23 18:55:07,396 - INFO - Lote guardado: 1000 registros
2025-07-23 18:55:08,454 - INFO - Lote guardado: 1000 registros
2025-07-23 18:55:09,413 - INFO - Lote guardado: 1000 registros
2025-07-23 18:55:10,347 - INFO - Lote guardado: 1000 registros
2025-07-23 18:55:11,261 - INFO - Lote guardado: 1000 registros
2025-07-23 18:55:12,214 - INFO - Lote guardado: 1000 registros
2025-07-23 18:56:32,219 - INFO - Eliminados 26000 registros existentes
2025-07-23 18:56:37,576 - INFO - Lote guardado: 1000 registros
2025-07-23 18:56:38,362 - INFO - Lote guardado: 1000 registros
2025-07-23 18:56:39,271 - INFO - Lote guardado: 1000 registros
2025-07-23 18:56:40,043 - INFO - Lote guardado: 1000 registros
2025-07-23 18:56:40,850 - INFO - Lote guardado: 1000 registros
2025-07-23 18:56:41,625 - INFO - Lote guardado: 1000 registros
2025-07-23 18:56:42,418 - INFO - Lote guardado: 1000 registros
2025-07-23 18:56:43,359 - INFO - Lote guardado: 1000 registros
2025-07-23 18:56:44,165 - INFO - Lote guardado: 1000 registros
2025-07-23 18:56:44,934 - INFO - Lote guardado: 1000 registros
2025-07-23 18:56:45,742 - INFO - Lote guardado: 1000 registros
2025-07-23 18:56:46,534 - INFO - Lote guardado: 1000 registros
2025-07-23 18:56:47,325 - INFO - Lote guardado: 1000 registros
2025-07-23 18:56:48,174 - INFO - Lote guardado: 1000 registros
2025-07-23 18:56:49,108 - INFO - Lote guardado: 1000 registros
2025-07-23 18:56:50,000 - INFO - Lote guardado: 1000 registros
2025-07-23 18:56:50,867 - INFO - Lote guardado: 1000 registros
2025-07-23 18:56:51,851 - INFO - Lote guardado: 1000 registros
2025-07-23 18:56:52,759 - INFO - Lote guardado: 1000 registros
2025-07-23 18:56:53,725 - INFO - Lote guardado: 1000 registros
2025-07-23 18:56:54,693 - INFO - Lote guardado: 1000 registros
2025-07-23 18:56:55,734 - INFO - Lote guardado: 1000 registros
2025-07-23 18:56:56,674 - INFO - Lote guardado: 1000 registros
2025-07-23 18:56:57,576 - INFO - Lote guardado: 1000 registros
2025-07-23 18:56:58,517 - INFO - Lote guardado: 1000 registros
2025-07-23 18:56:59,482 - INFO - Lote guardado: 1000 registros
2025-07-23 18:57:00,550 - INFO - Lote guardado: 1000 registros
2025-07-23 18:57:01,475 - INFO - Lote guardado: 1000 registros
2025-07-23 18:57:02,401 - INFO - Lote guardado: 1000 registros
2025-07-23 18:57:03,317 - INFO - Lote guardado: 1000 registros
2025-07-23 18:57:04,207 - INFO - Lote guardado: 1000 registros
2025-07-23 18:57:05,083 - INFO - Lote guardado: 1000 registros
2025-07-23 18:57:05,950 - INFO - Lote guardado: 1000 registros
2025-07-23 18:57:06,858 - INFO - Lote guardado: 1000 registros
2025-07-23 18:57:07,850 - INFO - Lote guardado: 1000 registros
2025-07-23 18:57:08,741 - INFO - Lote guardado: 1000 registros
2025-07-23 18:57:09,591 - INFO - Lote guardado: 1000 registros
2025-07-23 18:57:10,566 - INFO - Lote guardado: 1000 registros
2025-07-23 18:57:11,516 - INFO - Lote guardado: 1000 registros
2025-07-23 18:57:12,574 - INFO - Lote guardado: 1000 registros
2025-07-23 18:57:13,441 - INFO - Lote guardado: 1000 registros
2025-07-23 18:57:14,365 - INFO - Lote guardado: 1000 registros
2025-07-23 18:57:15,282 - INFO - Lote guardado: 1000 registros
2025-07-23 18:57:16,183 - INFO - Lote guardado: 1000 registros
2025-07-23 18:57:17,099 - INFO - Lote guardado: 1000 registros
2025-07-23 18:57:17,983 - INFO - Lote guardado: 1000 registros
2025-07-23 18:57:18,916 - INFO - Lote guardado: 1000 registros
2025-07-23 18:57:19,924 - INFO - Lote guardado: 1000 registros
2025-07-23 18:57:20,800 - INFO - Lote guardado: 1000 registros
2025-07-23 18:57:21,741 - INFO - Lote guardado: 1000 registros
2025-07-23 18:57:22,690 - INFO - Lote guardado: 1000 registros
2025-07-23 18:57:23,599 - INFO - Lote guardado: 1000 registros
2025-07-23 18:57:24,683 - INFO - Lote guardado: 1000 registros
2025-07-23 18:57:25,615 - INFO - Lote guardado: 1000 registros
2025-07-23 18:57:26,584 - INFO - Lote guardado: 1000 registros
2025-07-23 18:57:27,564 - INFO - Lote guardado: 1000 registros
2025-07-23 18:57:28,490 - INFO - Lote guardado: 1000 registros
2025-07-23 18:57:29,449 - INFO - Lote guardado: 1000 registros
2025-07-23 18:57:30,480 - INFO - Lote guardado: 1000 registros
2025-07-23 18:57:31,381 - INFO - Lote guardado: 1000 registros
2025-07-23 18:57:32,490 - INFO - Lote guardado: 1000 registros
2025-07-23 18:57:33,383 - INFO - Lote guardado: 1000 registros
2025-07-23 18:57:34,307 - INFO - Lote guardado: 1000 registros
2025-07-23 18:57:35,240 - INFO - Lote guardado: 1000 registros
2025-07-23 18:57:36,139 - INFO - Lote guardado: 1000 registros
2025-07-23 18:57:37,214 - INFO - Lote guardado: 1000 registros
2025-07-23 18:57:38,207 - INFO - Lote guardado: 1000 registros
2025-07-23 18:57:39,140 - INFO - Lote guardado: 1000 registros
2025-07-23 18:57:40,123 - INFO - Lote guardado: 1000 registros
2025-07-23 18:57:41,015 - INFO - Lote guardado: 1000 registros
2025-07-23 18:57:41,982 - INFO - Lote guardado: 1000 registros
2025-07-23 18:57:42,965 - INFO - Lote guardado: 1000 registros
2025-07-23 18:57:43,898 - INFO - Lote guardado: 1000 registros
2025-07-23 18:57:45,040 - INFO - Lote guardado: 1000 registros
2025-07-23 18:57:46,032 - INFO - Lote guardado: 1000 registros
2025-07-23 18:57:47,023 - INFO - Lote guardado: 1000 registros
2025-07-23 18:57:47,988 - INFO - Lote guardado: 1000 registros
2025-07-23 18:57:49,083 - INFO - Lote guardado: 1000 registros
2025-07-23 18:57:50,090 - INFO - Lote guardado: 1000 registros
2025-07-23 18:57:51,231 - INFO - Lote guardado: 1000 registros
2025-07-23 18:57:52,255 - INFO - Lote guardado: 1000 registros
2025-07-23 18:57:53,356 - INFO - Lote guardado: 1000 registros
2025-07-23 18:57:54,466 - INFO - Lote guardado: 1000 registros
2025-07-23 18:57:55,531 - INFO - Lote guardado: 1000 registros
2025-07-23 18:57:56,665 - INFO - Lote guardado: 1000 registros
2025-07-23 18:57:57,704 - INFO - Lote guardado: 1000 registros
2025-07-23 18:57:58,765 - INFO - Lote guardado: 1000 registros
2025-07-23 18:57:59,940 - INFO - Lote guardado: 1000 registros
2025-07-23 18:58:01,056 - INFO - Lote guardado: 1000 registros
2025-07-23 18:58:02,046 - INFO - Lote guardado: 1000 registros
2025-07-23 18:58:03,072 - INFO - Lote guardado: 1000 registros
2025-07-23 18:58:04,206 - INFO - Lote guardado: 1000 registros
2025-07-23 18:58:05,423 - INFO - Lote guardado: 1000 registros
2025-07-23 18:58:06,451 - INFO - Lote guardado: 1000 registros
2025-07-23 18:58:07,479 - INFO - Lote guardado: 1000 registros
2025-07-23 18:58:08,530 - INFO - Lote guardado: 1000 registros
2025-07-23 18:58:09,572 - INFO - Lote guardado: 1000 registros
2025-07-23 18:58:10,640 - INFO - Lote guardado: 1000 registros
2025-07-23 18:58:11,749 - INFO - Lote guardado: 1000 registros
2025-07-23 18:58:12,856 - INFO - Lote guardado: 1000 registros
2025-07-23 18:58:13,963 - INFO - Lote guardado: 1000 registros
2025-07-23 18:58:15,264 - INFO - Lote guardado: 1000 registros
2025-07-23 18:58:16,363 - INFO - Lote guardado: 1000 registros
2025-07-23 18:58:17,462 - INFO - Lote guardado: 1000 registros
2025-07-23 18:58:18,521 - INFO - Lote guardado: 1000 registros
2025-07-23 18:58:19,580 - INFO - Lote guardado: 1000 registros
2025-07-23 18:58:20,880 - INFO - Lote guardado: 1000 registros
2025-07-23 18:58:21,972 - INFO - Lote guardado: 1000 registros
2025-07-23 18:58:23,113 - INFO - Lote guardado: 1000 registros
2025-07-23 18:58:24,172 - INFO - Lote guardado: 1000 registros
2025-07-23 18:58:25,246 - INFO - Lote guardado: 1000 registros
2025-07-23 18:58:26,404 - INFO - Lote guardado: 1000 registros
2025-07-23 18:58:27,501 - INFO - Lote guardado: 1000 registros
2025-07-23 18:58:28,790 - INFO - Lote guardado: 1000 registros
2025-07-23 18:58:30,295 - INFO - Lote guardado: 1000 registros
2025-07-23 18:58:31,650 - INFO - Lote guardado: 1000 registros
2025-07-23 18:58:32,871 - INFO - Lote guardado: 1000 registros
2025-07-23 18:58:34,010 - INFO - Lote guardado: 1000 registros
2025-07-23 18:58:35,188 - INFO - Lote guardado: 1000 registros
2025-07-23 18:58:36,354 - INFO - Lote guardado: 1000 registros
2025-07-23 18:58:37,477 - INFO - Lote guardado: 1000 registros
2025-07-23 18:58:38,821 - INFO - Lote guardado: 1000 registros
2025-07-23 18:58:39,920 - INFO - Lote guardado: 1000 registros
2025-07-23 18:58:41,037 - INFO - Lote guardado: 1000 registros
2025-07-23 18:58:42,329 - INFO - Lote guardado: 1000 registros
2025-07-23 18:58:43,545 - INFO - Lote guardado: 1000 registros
2025-07-23 18:58:45,063 - INFO - Lote guardado: 1000 registros
2025-07-23 18:58:46,295 - INFO - Lote guardado: 1000 registros
2025-07-23 18:58:47,546 - INFO - Lote guardado: 1000 registros
2025-07-23 18:58:48,745 - INFO - Lote guardado: 1000 registros
2025-07-23 18:58:49,962 - INFO - Lote guardado: 1000 registros
2025-07-23 18:58:51,129 - INFO - Lote guardado: 1000 registros
2025-07-23 18:58:52,512 - INFO - Lote guardado: 1000 registros
2025-07-23 18:58:53,728 - INFO - Lote guardado: 1000 registros
2025-07-23 18:58:55,062 - INFO - Lote guardado: 1000 registros
2025-07-23 18:58:56,277 - INFO - Lote guardado: 1000 registros
2025-07-23 18:58:57,529 - INFO - Lote guardado: 1000 registros
2025-07-23 18:58:58,745 - INFO - Lote guardado: 1000 registros
2025-07-23 18:58:59,979 - INFO - Lote guardado: 1000 registros
2025-07-23 18:59:01,253 - INFO - Lote guardado: 1000 registros
2025-07-23 18:59:02,620 - INFO - Lote guardado: 1000 registros
2025-07-23 18:59:03,870 - INFO - Lote guardado: 1000 registros
2025-07-23 18:59:05,161 - INFO - Lote guardado: 1000 registros
2025-07-23 18:59:06,419 - INFO - Lote guardado: 1000 registros
2025-07-23 18:59:07,728 - INFO - Lote guardado: 1000 registros
2025-07-23 18:59:09,020 - INFO - Lote guardado: 1000 registros
2025-07-23 18:59:10,236 - INFO - Lote guardado: 1000 registros
2025-07-23 18:59:11,544 - INFO - Lote guardado: 1000 registros
2025-07-23 18:59:12,728 - INFO - Lote guardado: 1000 registros
2025-07-23 18:59:14,251 - INFO - Lote guardado: 1000 registros
2025-07-23 18:59:15,501 - INFO - Lote guardado: 1000 registros
2025-07-23 18:59:15,868 - INFO - Migración completada. Registros: 151068, Errores: 0
2025-07-23 18:59:15,869 - INFO - Tiempo total: 167.04 segundos
2025-07-23 19:16:40,305 - INFO - Eliminados 151068 registros existentes
2025-07-23 19:16:46,185 - INFO - Lote guardado: 1000 registros
2025-07-23 19:16:46,985 - INFO - Lote guardado: 1000 registros
2025-07-23 19:16:47,776 - INFO - Lote guardado: 1000 registros
2025-07-23 19:16:48,718 - INFO - Lote guardado: 1000 registros
2025-07-23 19:16:49,510 - INFO - Lote guardado: 1000 registros
2025-07-23 19:16:50,293 - INFO - Lote guardado: 1000 registros
2025-07-23 19:16:51,093 - INFO - Lote guardado: 1000 registros
2025-07-23 19:16:52,142 - INFO - Lote guardado: 1000 registros
2025-07-23 19:16:52,927 - INFO - Lote guardado: 1000 registros
2025-07-23 19:16:53,851 - INFO - Lote guardado: 1000 registros
2025-07-23 19:16:54,693 - INFO - Lote guardado: 1000 registros
2025-07-23 19:16:55,559 - INFO - Lote guardado: 1000 registros
2025-07-23 19:16:56,484 - INFO - Lote guardado: 1000 registros
2025-07-23 19:16:57,501 - INFO - Lote guardado: 1000 registros
2025-07-23 19:16:58,550 - INFO - Lote guardado: 1000 registros
2025-07-23 19:16:59,669 - INFO - Lote guardado: 1000 registros
2025-07-23 19:17:00,617 - INFO - Lote guardado: 1000 registros
2025-07-23 19:17:01,651 - INFO - Lote guardado: 1000 registros
2025-07-23 19:17:02,534 - INFO - Lote guardado: 1000 registros
2025-07-23 19:17:03,501 - INFO - Lote guardado: 1000 registros
2025-07-23 19:17:04,443 - INFO - Lote guardado: 1000 registros
2025-07-23 19:17:05,359 - INFO - Lote guardado: 1000 registros
2025-07-23 19:17:06,476 - INFO - Lote guardado: 1000 registros
2025-07-23 19:17:07,418 - INFO - Lote guardado: 1000 registros
2025-07-23 19:17:08,434 - INFO - Lote guardado: 1000 registros
2025-07-23 19:17:09,374 - INFO - Lote guardado: 1000 registros
2025-07-23 19:17:10,326 - INFO - Lote guardado: 1000 registros
2025-07-23 19:17:11,350 - INFO - Lote guardado: 1000 registros
2025-07-23 19:17:12,315 - INFO - Lote guardado: 1000 registros
2025-07-23 19:17:13,301 - INFO - Lote guardado: 1000 registros
2025-07-23 19:17:14,301 - INFO - Lote guardado: 1000 registros
2025-07-23 19:17:15,275 - INFO - Lote guardado: 1000 registros
2025-07-23 19:17:16,292 - INFO - Lote guardado: 1000 registros
2025-07-23 19:17:17,208 - INFO - Lote guardado: 1000 registros
2025-07-23 19:17:18,284 - INFO - Lote guardado: 1000 registros
2025-07-23 19:17:19,325 - INFO - Lote guardado: 1000 registros
2025-07-23 19:17:20,275 - INFO - Lote guardado: 1000 registros
2025-07-23 19:17:21,245 - INFO - Lote guardado: 1000 registros
2025-07-23 19:17:22,159 - INFO - Lote guardado: 1000 registros
2025-07-23 19:17:23,300 - INFO - Lote guardado: 1000 registros
2025-07-23 19:17:24,217 - INFO - Lote guardado: 1000 registros
2025-07-23 19:17:25,234 - INFO - Lote guardado: 1000 registros
2025-07-23 19:17:26,241 - INFO - Lote guardado: 1000 registros
2025-07-23 19:17:27,242 - INFO - Lote guardado: 1000 registros
2025-07-23 19:17:28,208 - INFO - Lote guardado: 1000 registros
2025-07-23 19:17:29,131 - INFO - Lote guardado: 1000 registros
2025-07-23 19:17:30,091 - INFO - Lote guardado: 1000 registros
2025-07-23 19:17:31,191 - INFO - Lote guardado: 1000 registros
2025-07-23 19:17:32,191 - INFO - Lote guardado: 1000 registros
2025-07-23 19:17:33,290 - INFO - Lote guardado: 1000 registros
2025-07-23 19:17:34,267 - INFO - Lote guardado: 1000 registros
2025-07-23 19:17:35,299 - INFO - Lote guardado: 1000 registros
2025-07-23 19:17:36,499 - INFO - Lote guardado: 1000 registros
2025-07-23 19:17:37,556 - INFO - Lote guardado: 1000 registros
2025-07-23 19:17:38,616 - INFO - Lote guardado: 1000 registros
2025-07-23 19:17:39,575 - INFO - Lote guardado: 1000 registros
2025-07-23 19:17:40,592 - INFO - Lote guardado: 1000 registros
2025-07-23 19:17:41,617 - INFO - Lote guardado: 1000 registros
2025-07-23 19:17:42,616 - INFO - Lote guardado: 1000 registros
2025-07-23 19:17:43,590 - INFO - Lote guardado: 1000 registros
2025-07-23 19:17:44,691 - INFO - Lote guardado: 1000 registros
2025-07-23 19:17:45,666 - INFO - Lote guardado: 1000 registros
2025-07-23 19:17:46,715 - INFO - Lote guardado: 1000 registros
2025-07-23 19:17:47,708 - INFO - Lote guardado: 1000 registros
2025-07-23 19:17:48,700 - INFO - Lote guardado: 1000 registros
2025-07-23 19:17:49,725 - INFO - Lote guardado: 1000 registros
2025-07-23 19:17:50,882 - INFO - Lote guardado: 1000 registros
2025-07-23 19:17:51,907 - INFO - Lote guardado: 1000 registros
2025-07-23 19:17:52,916 - INFO - Lote guardado: 1000 registros
2025-07-23 19:17:53,899 - INFO - Lote guardado: 1000 registros
2025-07-23 19:17:55,041 - INFO - Lote guardado: 1000 registros
2025-07-23 19:17:56,008 - INFO - Lote guardado: 1000 registros
2025-07-23 19:17:56,958 - INFO - Lote guardado: 1000 registros
2025-07-23 19:17:57,999 - INFO - Lote guardado: 1000 registros
2025-07-23 19:17:59,272 - INFO - Lote guardado: 1000 registros
2025-07-23 19:18:00,374 - INFO - Lote guardado: 1000 registros
2025-07-23 19:18:01,414 - INFO - Lote guardado: 1000 registros
2025-07-23 19:18:02,490 - INFO - Lote guardado: 1000 registros
2025-07-23 19:18:03,682 - INFO - Lote guardado: 1000 registros
2025-07-23 19:18:04,957 - INFO - Lote guardado: 1000 registros
2025-07-23 19:18:06,073 - INFO - Lote guardado: 1000 registros
2025-07-23 19:18:07,132 - INFO - Lote guardado: 1000 registros
2025-07-23 19:18:08,223 - INFO - Lote guardado: 1000 registros
2025-07-23 19:18:09,406 - INFO - Lote guardado: 1000 registros
2025-07-23 19:18:10,549 - INFO - Lote guardado: 1000 registros
2025-07-23 19:18:11,648 - INFO - Lote guardado: 1000 registros
2025-07-23 19:18:12,689 - INFO - Lote guardado: 1000 registros
2025-07-23 19:18:13,981 - INFO - Lote guardado: 1000 registros
2025-07-23 19:18:15,099 - INFO - Lote guardado: 1000 registros
2025-07-23 19:18:16,222 - INFO - Lote guardado: 1000 registros
2025-07-23 19:18:17,257 - INFO - Lote guardado: 1000 registros
2025-07-23 19:18:18,363 - INFO - Lote guardado: 1000 registros
2025-07-23 19:18:19,581 - INFO - Lote guardado: 1000 registros
2025-07-23 19:18:20,839 - INFO - Lote guardado: 1000 registros
2025-07-23 19:18:22,031 - INFO - Lote guardado: 1000 registros
2025-07-23 19:18:23,165 - INFO - Lote guardado: 1000 registros
2025-07-23 19:18:24,348 - INFO - Lote guardado: 1000 registros
2025-07-23 19:18:25,480 - INFO - Lote guardado: 1000 registros
2025-07-23 19:18:26,822 - INFO - Lote guardado: 1000 registros
2025-07-23 19:18:27,956 - INFO - Lote guardado: 1000 registros
2025-07-23 19:18:29,047 - INFO - Lote guardado: 1000 registros
2025-07-23 19:18:30,240 - INFO - Lote guardado: 1000 registros
2025-07-23 19:18:31,390 - INFO - Lote guardado: 1000 registros
2025-07-23 19:18:32,547 - INFO - Lote guardado: 1000 registros
2025-07-23 19:18:33,721 - INFO - Lote guardado: 1000 registros
2025-07-23 19:18:34,873 - INFO - Lote guardado: 1000 registros
2025-07-23 19:18:36,288 - INFO - Lote guardado: 1000 registros
2025-07-23 19:18:37,463 - INFO - Lote guardado: 1000 registros
2025-07-23 19:18:38,539 - INFO - Lote guardado: 1000 registros
2025-07-23 19:18:39,647 - INFO - Lote guardado: 1000 registros
2025-07-23 19:18:40,922 - INFO - Lote guardado: 1000 registros
2025-07-23 19:18:42,147 - INFO - Lote guardado: 1000 registros
2025-07-23 19:18:43,297 - INFO - Lote guardado: 1000 registros
2025-07-23 19:18:44,462 - INFO - Lote guardado: 1000 registros
2025-07-23 19:18:45,629 - INFO - Lote guardado: 1000 registros
2025-07-23 19:18:47,006 - INFO - Lote guardado: 1000 registros
2025-07-23 19:18:48,163 - INFO - Lote guardado: 1000 registros
2025-07-23 19:18:49,415 - INFO - Lote guardado: 1000 registros
2025-07-23 19:18:50,596 - INFO - Lote guardado: 1000 registros
2025-07-23 19:18:51,863 - INFO - Lote guardado: 1000 registros
2025-07-23 19:18:53,197 - INFO - Lote guardado: 1000 registros
2025-07-23 19:18:54,363 - INFO - Lote guardado: 1000 registros
2025-07-23 19:18:55,538 - INFO - Lote guardado: 1000 registros
2025-07-23 19:18:56,797 - INFO - Lote guardado: 1000 registros
2025-07-23 19:18:58,097 - INFO - Lote guardado: 1000 registros
2025-07-23 19:18:59,305 - INFO - Lote guardado: 1000 registros
2025-07-23 19:19:00,538 - INFO - Lote guardado: 1000 registros
2025-07-23 19:19:01,736 - INFO - Lote guardado: 1000 registros
2025-07-23 19:19:03,138 - INFO - Lote guardado: 1000 registros
2025-07-23 19:19:04,437 - INFO - Lote guardado: 1000 registros
2025-07-23 19:19:05,679 - INFO - Lote guardado: 1000 registros
2025-07-23 19:19:06,994 - INFO - Lote guardado: 1000 registros
2025-07-23 19:19:08,287 - INFO - Lote guardado: 1000 registros
2025-07-23 19:19:09,572 - INFO - Lote guardado: 1000 registros
2025-07-23 19:19:11,019 - INFO - Lote guardado: 1000 registros
2025-07-23 19:19:12,295 - INFO - Lote guardado: 1000 registros
2025-07-23 19:19:13,587 - INFO - Lote guardado: 1000 registros
2025-07-23 19:19:14,955 - INFO - Lote guardado: 1000 registros
2025-07-23 19:19:16,189 - INFO - Lote guardado: 1000 registros
2025-07-23 19:19:17,396 - INFO - Lote guardado: 1000 registros
2025-07-23 19:19:18,729 - INFO - Lote guardado: 1000 registros
2025-07-23 19:19:20,145 - INFO - Lote guardado: 1000 registros
2025-07-23 19:19:21,371 - INFO - Lote guardado: 1000 registros
2025-07-23 19:19:22,603 - INFO - Lote guardado: 1000 registros
2025-07-23 19:19:23,979 - INFO - Lote guardado: 1000 registros
2025-07-23 19:19:25,254 - INFO - Lote guardado: 1000 registros
2025-07-23 19:19:26,511 - INFO - Lote guardado: 1000 registros
2025-07-23 19:19:27,786 - INFO - Lote guardado: 1000 registros
2025-07-23 19:19:29,286 - INFO - Lote guardado: 1000 registros
2025-07-23 19:19:30,577 - INFO - Lote guardado: 1000 registros
2025-07-23 19:19:31,861 - INFO - Lote guardado: 1000 registros
2025-07-23 19:19:32,253 - INFO - Migración completada. Registros: 151068, Errores: 0
2025-07-23 19:19:32,253 - INFO - Tiempo total: 193.89 segundos
2025-07-28 03:53:30,273 - INFO - Eliminados 0 registros existentes
2025-07-28 03:53:35,714 - INFO - Lote guardado: 1000 registros
2025-07-28 03:53:36,748 - INFO - Lote guardado: 1000 registros
2025-07-28 03:53:37,643 - INFO - Lote guardado: 1000 registros
2025-07-28 03:53:38,606 - INFO - Lote guardado: 1000 registros
2025-07-28 03:53:39,472 - INFO - Lote guardado: 1000 registros
2025-07-28 03:53:40,406 - INFO - Lote guardado: 1000 registros
2025-07-28 03:53:41,397 - INFO - Lote guardado: 1000 registros
2025-07-28 03:53:42,230 - INFO - Lote guardado: 1000 registros
2025-07-28 03:53:43,164 - INFO - Lote guardado: 1000 registros
2025-07-28 03:53:44,055 - INFO - Lote guardado: 1000 registros
2025-07-28 03:53:45,088 - INFO - Lote guardado: 1000 registros
2025-07-28 03:53:46,063 - INFO - Lote guardado: 1000 registros
2025-07-28 03:53:47,097 - INFO - Lote guardado: 1000 registros
2025-07-28 03:53:48,014 - INFO - Lote guardado: 1000 registros
2025-07-28 03:53:48,938 - INFO - Lote guardado: 1000 registros
2025-07-28 03:53:49,755 - INFO - Lote guardado: 1000 registros
2025-07-28 03:53:50,763 - INFO - Lote guardado: 1000 registros
2025-07-28 03:53:51,930 - INFO - Lote guardado: 1000 registros
2025-07-28 03:53:53,255 - INFO - Lote guardado: 1000 registros
2025-07-28 03:53:54,172 - INFO - Lote guardado: 1000 registros
2025-07-28 03:53:55,129 - INFO - Lote guardado: 1000 registros
2025-07-28 03:53:56,122 - INFO - Lote guardado: 1000 registros
2025-07-28 03:53:57,088 - INFO - Lote guardado: 1000 registros
2025-07-28 03:53:58,105 - INFO - Lote guardado: 1000 registros
2025-07-28 03:53:59,438 - INFO - Lote guardado: 1000 registros
2025-07-28 03:54:00,496 - INFO - Lote guardado: 1000 registros
2025-07-28 03:54:01,521 - INFO - Lote guardado: 1000 registros
2025-07-28 03:54:02,571 - INFO - Lote guardado: 1000 registros
2025-07-28 03:54:03,555 - INFO - Lote guardado: 1000 registros
2025-07-28 03:54:04,629 - INFO - Lote guardado: 1000 registros
2025-07-28 03:54:05,738 - INFO - Lote guardado: 1000 registros
2025-07-28 03:54:06,713 - INFO - Lote guardado: 1000 registros
2025-07-28 03:54:07,704 - INFO - Lote guardado: 1000 registros
2025-07-28 03:54:08,755 - INFO - Lote guardado: 1000 registros
2025-07-28 03:54:09,787 - INFO - Lote guardado: 1000 registros
2025-07-28 03:54:10,888 - INFO - Lote guardado: 1000 registros
2025-07-28 03:54:11,888 - INFO - Lote guardado: 1000 registros
2025-07-28 03:54:12,938 - INFO - Lote guardado: 1000 registros
2025-07-28 03:54:14,068 - INFO - Lote guardado: 1000 registros
2025-07-28 03:54:15,213 - INFO - Lote guardado: 1000 registros
2025-07-28 03:54:16,279 - INFO - Lote guardado: 1000 registros
2025-07-28 03:54:17,362 - INFO - Lote guardado: 1000 registros
2025-07-28 03:54:18,462 - INFO - Lote guardado: 1000 registros
2025-07-28 03:54:19,573 - INFO - Lote guardado: 1000 registros
2025-07-28 03:54:20,795 - INFO - Lote guardado: 1000 registros
2025-07-28 03:54:22,203 - INFO - Lote guardado: 1000 registros
2025-07-28 03:54:23,512 - INFO - Lote guardado: 1000 registros
2025-07-28 03:54:24,678 - INFO - Lote guardado: 1000 registros
2025-07-28 03:54:25,954 - INFO - Lote guardado: 1000 registros
2025-07-28 03:54:27,100 - INFO - Lote guardado: 1000 registros
2025-07-28 03:54:28,304 - INFO - Lote guardado: 1000 registros
2025-07-28 03:54:29,521 - INFO - Lote guardado: 1000 registros
2025-07-28 03:54:30,753 - INFO - Lote guardado: 1000 registros
2025-07-28 03:54:31,966 - INFO - Lote guardado: 1000 registros
2025-07-28 03:54:33,186 - INFO - Lote guardado: 1000 registros
2025-07-28 03:54:34,278 - INFO - Lote guardado: 1000 registros
2025-07-28 03:54:35,428 - INFO - Lote guardado: 1000 registros
2025-07-28 03:54:36,533 - INFO - Lote guardado: 1000 registros
2025-07-28 03:54:37,811 - INFO - Lote guardado: 1000 registros
2025-07-28 03:54:38,987 - INFO - Lote guardado: 1000 registros
2025-07-28 03:54:40,128 - INFO - Lote guardado: 1000 registros
2025-07-28 03:54:41,220 - INFO - Lote guardado: 1000 registros
2025-07-28 03:54:42,627 - INFO - Lote guardado: 1000 registros
2025-07-28 03:54:43,929 - INFO - Lote guardado: 1000 registros
2025-07-28 03:54:45,128 - INFO - Lote guardado: 1000 registros
2025-07-28 03:54:46,420 - INFO - Lote guardado: 1000 registros
2025-07-28 03:54:47,551 - INFO - Lote guardado: 1000 registros
2025-07-28 03:54:48,703 - INFO - Lote guardado: 1000 registros
2025-07-28 03:54:49,952 - INFO - Lote guardado: 1000 registros
2025-07-28 03:54:51,028 - INFO - Lote guardado: 1000 registros
2025-07-28 03:54:52,212 - INFO - Lote guardado: 1000 registros
2025-07-28 03:54:53,511 - INFO - Lote guardado: 1000 registros
2025-07-28 03:54:54,596 - INFO - Lote guardado: 1000 registros
2025-07-28 03:54:55,644 - INFO - Lote guardado: 1000 registros
2025-07-28 03:54:56,945 - INFO - Lote guardado: 1000 registros
2025-07-28 03:54:58,178 - INFO - Lote guardado: 1000 registros
2025-07-28 03:54:59,503 - INFO - Lote guardado: 1000 registros
2025-07-28 03:55:00,761 - INFO - Lote guardado: 1000 registros
2025-07-28 03:55:02,025 - INFO - Lote guardado: 1000 registros
2025-07-28 03:55:03,376 - INFO - Lote guardado: 1000 registros
2025-07-28 03:55:04,819 - INFO - Lote guardado: 1000 registros
2025-07-28 03:55:06,286 - INFO - Lote guardado: 1000 registros
2025-07-28 03:55:07,569 - INFO - Lote guardado: 1000 registros
2025-07-28 03:55:08,885 - INFO - Lote guardado: 1000 registros
2025-07-28 03:55:10,135 - INFO - Lote guardado: 1000 registros
2025-07-28 03:55:11,655 - INFO - Lote guardado: 1000 registros
2025-07-28 03:55:13,059 - INFO - Lote guardado: 1000 registros
2025-07-28 03:55:14,352 - INFO - Lote guardado: 1000 registros
2025-07-28 03:55:15,662 - INFO - Lote guardado: 1000 registros
2025-07-28 03:55:16,960 - INFO - Lote guardado: 1000 registros
2025-07-28 03:55:18,587 - INFO - Lote guardado: 1000 registros
2025-07-28 03:55:19,989 - INFO - Lote guardado: 1000 registros
2025-07-28 03:55:21,370 - INFO - Lote guardado: 1000 registros
2025-07-28 03:55:22,736 - INFO - Lote guardado: 1000 registros
2025-07-28 03:55:24,043 - INFO - Lote guardado: 1000 registros
2025-07-28 03:55:25,393 - INFO - Lote guardado: 1000 registros
2025-07-28 03:55:26,744 - INFO - Lote guardado: 1000 registros
2025-07-28 03:55:28,043 - INFO - Lote guardado: 1000 registros
2025-07-28 03:55:29,399 - INFO - Lote guardado: 1000 registros
2025-07-28 03:55:30,893 - INFO - Lote guardado: 1000 registros
2025-07-28 03:55:32,243 - INFO - Lote guardado: 1000 registros
2025-07-28 03:55:33,617 - INFO - Lote guardado: 1000 registros
2025-07-28 03:55:35,002 - INFO - Lote guardado: 1000 registros
2025-07-28 03:55:36,526 - INFO - Lote guardado: 1000 registros
2025-07-28 03:55:37,952 - INFO - Lote guardado: 1000 registros
2025-07-28 03:55:39,301 - INFO - Lote guardado: 1000 registros
2025-07-28 03:55:40,651 - INFO - Lote guardado: 1000 registros
2025-07-28 03:55:42,051 - INFO - Lote guardado: 1000 registros
2025-07-28 03:55:43,451 - INFO - Lote guardado: 1000 registros
2025-07-28 03:55:44,868 - INFO - Lote guardado: 1000 registros
2025-07-28 03:55:46,259 - INFO - Lote guardado: 1000 registros
2025-07-28 03:55:47,642 - INFO - Lote guardado: 1000 registros
2025-07-28 03:55:49,284 - INFO - Lote guardado: 1000 registros
2025-07-28 03:55:50,726 - INFO - Lote guardado: 1000 registros
2025-07-28 03:55:52,199 - INFO - Lote guardado: 1000 registros
2025-07-28 03:55:53,625 - INFO - Lote guardado: 1000 registros
2025-07-28 03:55:55,075 - INFO - Lote guardado: 1000 registros
2025-07-28 03:55:56,617 - INFO - Lote guardado: 1000 registros
2025-07-28 03:55:58,234 - INFO - Lote guardado: 1000 registros
2025-07-28 03:55:59,751 - INFO - Lote guardado: 1000 registros
2025-07-28 03:56:01,276 - INFO - Lote guardado: 1000 registros
2025-07-28 03:56:02,775 - INFO - Lote guardado: 1000 registros
2025-07-28 03:56:04,217 - INFO - Lote guardado: 1000 registros
2025-07-28 03:56:05,750 - INFO - Lote guardado: 1000 registros
2025-07-28 03:56:07,218 - INFO - Lote guardado: 1000 registros
2025-07-28 03:56:08,683 - INFO - Lote guardado: 1000 registros
2025-07-28 03:56:10,175 - INFO - Lote guardado: 1000 registros
2025-07-28 03:56:11,600 - INFO - Lote guardado: 1000 registros
2025-07-28 03:56:13,033 - INFO - Lote guardado: 1000 registros
2025-07-28 03:56:14,600 - INFO - Lote guardado: 1000 registros
2025-07-28 03:56:16,175 - INFO - Lote guardado: 1000 registros
2025-07-28 03:56:17,807 - INFO - Lote guardado: 1000 registros
2025-07-28 03:56:19,509 - INFO - Lote guardado: 1000 registros
2025-07-28 03:56:21,120 - INFO - Lote guardado: 1000 registros
2025-07-28 03:56:22,683 - INFO - Lote guardado: 1000 registros
2025-07-28 03:56:24,340 - INFO - Lote guardado: 1000 registros
2025-07-28 03:56:25,924 - INFO - Lote guardado: 1000 registros
2025-07-28 03:56:27,549 - INFO - Lote guardado: 1000 registros
2025-07-28 03:56:29,050 - INFO - Lote guardado: 1000 registros
2025-07-28 03:56:30,508 - INFO - Lote guardado: 1000 registros
2025-07-28 03:56:31,991 - INFO - Lote guardado: 1000 registros
2025-07-28 03:56:33,681 - INFO - Lote guardado: 1000 registros
2025-07-28 03:56:35,198 - INFO - Lote guardado: 1000 registros
2025-07-28 03:56:37,000 - INFO - Lote guardado: 1000 registros
2025-07-28 03:56:38,749 - INFO - Lote guardado: 1000 registros
2025-07-28 03:56:40,133 - INFO - Lote guardado: 1000 registros
2025-07-28 03:56:41,491 - INFO - Lote guardado: 1000 registros
2025-07-28 03:56:42,964 - INFO - Lote guardado: 1000 registros
2025-07-28 03:56:44,566 - INFO - Lote guardado: 1000 registros
2025-07-28 03:56:46,040 - INFO - Lote guardado: 1000 registros
2025-07-28 03:56:47,584 - INFO - Lote guardado: 1000 registros
2025-07-28 03:56:48,066 - INFO - Migración completada. Registros: 151068, Errores: 0
2025-07-28 03:56:48,066 - INFO - Tiempo total: 197.80 segundos
2025-07-28 10:19:27,828 - INFO - Eliminados 0 registros existentes
2025-07-28 10:19:33,375 - INFO - Lote guardado: 1000 registros
2025-07-28 10:19:34,168 - INFO - Lote guardado: 1000 registros
2025-07-28 10:19:34,979 - INFO - Lote guardado: 1000 registros
2025-07-28 10:19:35,770 - INFO - Lote guardado: 1000 registros
2025-07-28 10:19:36,562 - INFO - Lote guardado: 1000 registros
2025-07-28 10:19:37,345 - INFO - Lote guardado: 1000 registros
2025-07-28 10:19:38,274 - INFO - Lote guardado: 1000 registros
2025-07-28 10:19:39,070 - INFO - Lote guardado: 1000 registros
2025-07-28 10:19:39,904 - INFO - Lote guardado: 1000 registros
2025-07-28 10:19:40,696 - INFO - Lote guardado: 1000 registros
2025-07-28 10:19:41,546 - INFO - Lote guardado: 1000 registros
2025-07-28 10:19:42,354 - INFO - Lote guardado: 1000 registros
2025-07-28 10:19:43,241 - INFO - Lote guardado: 1000 registros
2025-07-28 10:19:44,066 - INFO - Lote guardado: 1000 registros
2025-07-28 10:19:44,941 - INFO - Lote guardado: 1000 registros
2025-07-28 10:19:45,815 - INFO - Lote guardado: 1000 registros
2025-07-28 10:19:46,658 - INFO - Lote guardado: 1000 registros
2025-07-28 10:19:47,693 - INFO - Lote guardado: 1000 registros
2025-07-28 10:19:48,544 - INFO - Lote guardado: 1000 registros
2025-07-28 10:19:49,437 - INFO - Lote guardado: 1000 registros
2025-07-28 10:19:50,292 - INFO - Lote guardado: 1000 registros
2025-07-28 10:19:51,150 - INFO - Lote guardado: 1000 registros
2025-07-28 10:19:51,983 - INFO - Lote guardado: 1000 registros
2025-07-28 10:19:52,825 - INFO - Lote guardado: 1000 registros
2025-07-28 10:19:53,850 - INFO - Lote guardado: 1000 registros
2025-07-28 10:19:54,791 - INFO - Lote guardado: 1000 registros
2025-07-28 10:19:55,698 - INFO - Lote guardado: 1000 registros
2025-07-28 10:19:56,574 - INFO - Lote guardado: 1000 registros
2025-07-28 10:19:57,458 - INFO - Lote guardado: 1000 registros
2025-07-28 10:19:58,466 - INFO - Lote guardado: 1000 registros
2025-07-28 10:19:59,375 - INFO - Lote guardado: 1000 registros
2025-07-28 10:20:00,333 - INFO - Lote guardado: 1000 registros
2025-07-28 10:20:01,191 - INFO - Lote guardado: 1000 registros
2025-07-28 10:20:02,070 - INFO - Lote guardado: 1000 registros
2025-07-28 10:20:02,959 - INFO - Lote guardado: 1000 registros
2025-07-28 10:20:03,923 - INFO - Lote guardado: 1000 registros
2025-07-28 10:20:04,821 - INFO - Lote guardado: 1000 registros
2025-07-28 10:20:05,960 - INFO - Lote guardado: 1000 registros
2025-07-28 10:20:06,915 - INFO - Lote guardado: 1000 registros
2025-07-28 10:20:07,898 - INFO - Lote guardado: 1000 registros
2025-07-28 10:20:08,874 - INFO - Lote guardado: 1000 registros
2025-07-28 10:20:09,848 - INFO - Lote guardado: 1000 registros
2025-07-28 10:20:10,849 - INFO - Lote guardado: 1000 registros
2025-07-28 10:20:11,824 - INFO - Lote guardado: 1000 registros
2025-07-28 10:20:12,814 - INFO - Lote guardado: 1000 registros
2025-07-28 10:20:13,908 - INFO - Lote guardado: 1000 registros
2025-07-28 10:20:14,882 - INFO - Lote guardado: 1000 registros
2025-07-28 10:20:15,882 - INFO - Lote guardado: 1000 registros
2025-07-28 10:20:16,932 - INFO - Lote guardado: 1000 registros
2025-07-28 10:20:17,923 - INFO - Lote guardado: 1000 registros
2025-07-28 10:20:19,088 - INFO - Lote guardado: 1000 registros
2025-07-28 10:20:20,057 - INFO - Lote guardado: 1000 registros
2025-07-28 10:20:21,107 - INFO - Lote guardado: 1000 registros
2025-07-28 10:20:22,107 - INFO - Lote guardado: 1000 registros
2025-07-28 10:20:23,047 - INFO - Lote guardado: 1000 registros
2025-07-28 10:20:23,982 - INFO - Lote guardado: 1000 registros
2025-07-28 10:20:24,955 - INFO - Lote guardado: 1000 registros
2025-07-28 10:20:25,965 - INFO - Lote guardado: 1000 registros
2025-07-28 10:20:27,131 - INFO - Lote guardado: 1000 registros
2025-07-28 10:20:28,141 - INFO - Lote guardado: 1000 registros
2025-07-28 10:20:29,165 - INFO - Lote guardado: 1000 registros
2025-07-28 10:20:30,157 - INFO - Lote guardado: 1000 registros
2025-07-28 10:20:31,280 - INFO - Lote guardado: 1000 registros
2025-07-28 10:20:32,458 - INFO - Lote guardado: 1000 registros
2025-07-28 10:20:33,464 - INFO - Lote guardado: 1000 registros
2025-07-28 10:20:34,423 - INFO - Lote guardado: 1000 registros
2025-07-28 10:20:35,429 - INFO - Lote guardado: 1000 registros
2025-07-28 10:20:36,424 - INFO - Lote guardado: 1000 registros
2025-07-28 10:20:37,442 - INFO - Lote guardado: 1000 registros
2025-07-28 10:20:38,556 - INFO - Lote guardado: 1000 registros
2025-07-28 10:20:39,605 - INFO - Lote guardado: 1000 registros
2025-07-28 10:20:40,764 - INFO - Lote guardado: 1000 registros
2025-07-28 10:20:41,822 - INFO - Lote guardado: 1000 registros
2025-07-28 10:20:42,906 - INFO - Lote guardado: 1000 registros
2025-07-28 10:20:44,005 - INFO - Lote guardado: 1000 registros
2025-07-28 10:20:45,074 - INFO - Lote guardado: 1000 registros
2025-07-28 10:20:46,306 - INFO - Lote guardado: 1000 registros
2025-07-28 10:20:47,474 - INFO - Lote guardado: 1000 registros
2025-07-28 10:20:48,584 - INFO - Lote guardado: 1000 registros
2025-07-28 10:20:49,656 - INFO - Lote guardado: 1000 registros
2025-07-28 10:20:50,763 - INFO - Lote guardado: 1000 registros
2025-07-28 10:20:51,830 - INFO - Lote guardado: 1000 registros
2025-07-28 10:20:52,955 - INFO - Lote guardado: 1000 registros
2025-07-28 10:20:54,072 - INFO - Lote guardado: 1000 registros
2025-07-28 10:20:55,164 - INFO - Lote guardado: 1000 registros
2025-07-28 10:20:56,490 - INFO - Lote guardado: 1000 registros
2025-07-28 10:20:57,696 - INFO - Lote guardado: 1000 registros
2025-07-28 10:20:58,826 - INFO - Lote guardado: 1000 registros
2025-07-28 10:20:59,914 - INFO - Lote guardado: 1000 registros
2025-07-28 10:21:01,357 - INFO - Lote guardado: 1000 registros
2025-07-28 10:21:02,617 - INFO - Lote guardado: 1000 registros
2025-07-28 10:21:03,828 - INFO - Lote guardado: 1000 registros
2025-07-28 10:21:05,013 - INFO - Lote guardado: 1000 registros
2025-07-28 10:21:06,089 - INFO - Lote guardado: 1000 registros
2025-07-28 10:21:07,196 - INFO - Lote guardado: 1000 registros
2025-07-28 10:21:08,346 - INFO - Lote guardado: 1000 registros
2025-07-28 10:21:09,563 - INFO - Lote guardado: 1000 registros
2025-07-28 10:21:10,728 - INFO - Lote guardado: 1000 registros
2025-07-28 10:21:11,864 - INFO - Lote guardado: 1000 registros
2025-07-28 10:21:13,154 - INFO - Lote guardado: 1000 registros
2025-07-28 10:21:14,430 - INFO - Lote guardado: 1000 registros
2025-07-28 10:21:15,595 - INFO - Lote guardado: 1000 registros
2025-07-28 10:21:16,870 - INFO - Lote guardado: 1000 registros
2025-07-28 10:21:18,095 - INFO - Lote guardado: 1000 registros
2025-07-28 10:21:19,478 - INFO - Lote guardado: 1000 registros
2025-07-28 10:21:20,624 - INFO - Lote guardado: 1000 registros
2025-07-28 10:21:21,841 - INFO - Lote guardado: 1000 registros
2025-07-28 10:21:23,011 - INFO - Lote guardado: 1000 registros
2025-07-28 10:21:24,115 - INFO - Lote guardado: 1000 registros
2025-07-28 10:21:25,370 - INFO - Lote guardado: 1000 registros
2025-07-28 10:21:26,516 - INFO - Lote guardado: 1000 registros
2025-07-28 10:21:27,753 - INFO - Lote guardado: 1000 registros
2025-07-28 10:21:29,019 - INFO - Lote guardado: 1000 registros
2025-07-28 10:21:30,281 - INFO - Lote guardado: 1000 registros
2025-07-28 10:21:31,488 - INFO - Lote guardado: 1000 registros
2025-07-28 10:21:32,670 - INFO - Lote guardado: 1000 registros
2025-07-28 10:21:33,957 - INFO - Lote guardado: 1000 registros
2025-07-28 10:21:35,240 - INFO - Lote guardado: 1000 registros
2025-07-28 10:21:36,652 - INFO - Lote guardado: 1000 registros
2025-07-28 10:21:37,912 - INFO - Lote guardado: 1000 registros
2025-07-28 10:21:39,180 - INFO - Lote guardado: 1000 registros
2025-07-28 10:21:40,503 - INFO - Lote guardado: 1000 registros
2025-07-28 10:21:41,803 - INFO - Lote guardado: 1000 registros
2025-07-28 10:21:43,244 - INFO - Lote guardado: 1000 registros
2025-07-28 10:21:44,528 - INFO - Lote guardado: 1000 registros
2025-07-28 10:21:45,812 - INFO - Lote guardado: 1000 registros
2025-07-28 10:21:47,104 - INFO - Lote guardado: 1000 registros
2025-07-28 10:21:48,343 - INFO - Lote guardado: 1000 registros
2025-07-28 10:21:49,603 - INFO - Lote guardado: 1000 registros
2025-07-28 10:21:50,945 - INFO - Lote guardado: 1000 registros
2025-07-28 10:21:52,236 - INFO - Lote guardado: 1000 registros
2025-07-28 10:21:53,528 - INFO - Lote guardado: 1000 registros
2025-07-28 10:21:54,977 - INFO - Lote guardado: 1000 registros
2025-07-28 10:21:56,411 - INFO - Lote guardado: 1000 registros
2025-07-28 10:21:57,771 - INFO - Lote guardado: 1000 registros
2025-07-28 10:21:59,078 - INFO - Lote guardado: 1000 registros
2025-07-28 10:22:00,427 - INFO - Lote guardado: 1000 registros
2025-07-28 10:22:01,936 - INFO - Lote guardado: 1000 registros
2025-07-28 10:22:03,270 - INFO - Lote guardado: 1000 registros
2025-07-28 10:22:04,645 - INFO - Lote guardado: 1000 registros
2025-07-28 10:22:05,951 - INFO - Lote guardado: 1000 registros
2025-07-28 10:22:07,278 - INFO - Lote guardado: 1000 registros
2025-07-28 10:22:08,635 - INFO - Lote guardado: 1000 registros
2025-07-28 10:22:10,127 - INFO - Lote guardado: 1000 registros
2025-07-28 10:22:11,559 - INFO - Lote guardado: 1000 registros
2025-07-28 10:22:12,977 - INFO - Lote guardado: 1000 registros
2025-07-28 10:22:14,335 - INFO - Lote guardado: 1000 registros
2025-07-28 10:22:15,627 - INFO - Lote guardado: 1000 registros
2025-07-28 10:22:17,034 - INFO - Lote guardado: 1000 registros
2025-07-28 10:22:18,343 - INFO - Lote guardado: 1000 registros
2025-07-28 10:22:19,643 - INFO - Lote guardado: 1000 registros
2025-07-28 10:22:19,976 - INFO - Migración completada. Registros: 151068, Errores: 0
2025-07-28 10:22:19,977 - INFO - Tiempo total: 172.15 segundos
2025-07-31 17:25:53,342 - INFO - Eliminados 0 registros existentes
2025-07-31 17:25:58,772 - INFO - Lote guardado: 1000 registros
2025-07-31 17:25:59,573 - INFO - Lote guardado: 1000 registros
2025-07-31 17:26:00,364 - INFO - Lote guardado: 1000 registros
2025-07-31 17:26:01,156 - INFO - Lote guardado: 1000 registros
2025-07-31 17:26:02,057 - INFO - Lote guardado: 1000 registros
2025-07-31 17:26:02,849 - INFO - Lote guardado: 1000 registros
2025-07-31 17:26:03,639 - INFO - Lote guardado: 1000 registros
2025-07-31 17:26:04,456 - INFO - Lote guardado: 1000 registros
2025-07-31 17:26:05,239 - INFO - Lote guardado: 1000 registros
2025-07-31 17:26:06,059 - INFO - Lote guardado: 1000 registros
2025-07-31 17:26:06,982 - INFO - Lote guardado: 1000 registros
2025-07-31 17:26:07,756 - INFO - Lote guardado: 1000 registros
2025-07-31 17:26:08,582 - INFO - Lote guardado: 1000 registros
2025-07-31 17:26:09,406 - INFO - Lote guardado: 1000 registros
2025-07-31 17:26:10,281 - INFO - Lote guardado: 1000 registros
2025-07-31 17:26:11,104 - INFO - Lote guardado: 1000 registros
2025-07-31 17:26:12,074 - INFO - Lote guardado: 1000 registros
2025-07-31 17:26:12,890 - INFO - Lote guardado: 1000 registros
2025-07-31 17:26:13,714 - INFO - Lote guardado: 1000 registros
2025-07-31 17:26:14,581 - INFO - Lote guardado: 1000 registros
2025-07-31 17:26:15,414 - INFO - Lote guardado: 1000 registros
2025-07-31 17:26:16,281 - INFO - Lote guardado: 1000 registros
2025-07-31 17:26:17,289 - INFO - Lote guardado: 1000 registros
2025-07-31 17:26:18,139 - INFO - Lote guardado: 1000 registros
2025-07-31 17:26:18,972 - INFO - Lote guardado: 1000 registros
2025-07-31 17:26:19,823 - INFO - Lote guardado: 1000 registros
2025-07-31 17:26:20,639 - INFO - Lote guardado: 1000 registros
2025-07-31 17:26:21,513 - INFO - Lote guardado: 1000 registros
2025-07-31 17:26:22,572 - INFO - Lote guardado: 1000 registros
2025-07-31 17:26:23,448 - INFO - Lote guardado: 1000 registros
2025-07-31 17:26:24,373 - INFO - Lote guardado: 1000 registros
2025-07-31 17:26:25,314 - INFO - Lote guardado: 1000 registros
2025-07-31 17:26:26,229 - INFO - Lote guardado: 1000 registros
2025-07-31 17:26:27,164 - INFO - Lote guardado: 1000 registros
2025-07-31 17:26:28,172 - INFO - Lote guardado: 1000 registros
2025-07-31 17:26:29,165 - INFO - Lote guardado: 1000 registros
2025-07-31 17:26:30,072 - INFO - Lote guardado: 1000 registros
2025-07-31 17:26:31,039 - INFO - Lote guardado: 1000 registros
2025-07-31 17:26:31,972 - INFO - Lote guardado: 1000 registros
2025-07-31 17:26:33,105 - INFO - Lote guardado: 1000 registros
2025-07-31 17:26:34,039 - INFO - Lote guardado: 1000 registros
2025-07-31 17:26:35,056 - INFO - Lote guardado: 1000 registros
2025-07-31 17:26:36,053 - INFO - Lote guardado: 1000 registros
2025-07-31 17:26:36,990 - INFO - Lote guardado: 1000 registros
2025-07-31 17:26:37,905 - INFO - Lote guardado: 1000 registros
2025-07-31 17:26:39,030 - INFO - Lote guardado: 1000 registros
2025-07-31 17:26:40,163 - INFO - Lote guardado: 1000 registros
2025-07-31 17:26:41,097 - INFO - Lote guardado: 1000 registros
2025-07-31 17:26:42,063 - INFO - Lote guardado: 1000 registros
2025-07-31 17:26:43,038 - INFO - Lote guardado: 1000 registros
2025-07-31 17:26:43,995 - INFO - Lote guardado: 1000 registros
2025-07-31 17:26:44,956 - INFO - Lote guardado: 1000 registros
2025-07-31 17:26:46,097 - INFO - Lote guardado: 1000 registros
2025-07-31 17:26:47,013 - INFO - Lote guardado: 1000 registros
2025-07-31 17:26:47,913 - INFO - Lote guardado: 1000 registros
2025-07-31 17:26:48,914 - INFO - Lote guardado: 1000 registros
2025-07-31 17:26:49,863 - INFO - Lote guardado: 1000 registros
2025-07-31 17:26:51,037 - INFO - Lote guardado: 1000 registros
2025-07-31 17:26:52,028 - INFO - Lote guardado: 1000 registros
2025-07-31 17:26:52,996 - INFO - Lote guardado: 1000 registros
2025-07-31 17:26:53,946 - INFO - Lote guardado: 1000 registros
2025-07-31 17:26:54,906 - INFO - Lote guardado: 1000 registros
2025-07-31 17:26:55,838 - INFO - Lote guardado: 1000 registros
2025-07-31 17:26:56,913 - INFO - Lote guardado: 1000 registros
2025-07-31 17:26:57,889 - INFO - Lote guardado: 1000 registros
2025-07-31 17:26:58,878 - INFO - Lote guardado: 1000 registros
2025-07-31 17:26:59,996 - INFO - Lote guardado: 1000 registros
2025-07-31 17:27:00,962 - INFO - Lote guardado: 1000 registros
2025-07-31 17:27:02,006 - INFO - Lote guardado: 1000 registros
2025-07-31 17:27:03,037 - INFO - Lote guardado: 1000 registros
2025-07-31 17:27:04,027 - INFO - Lote guardado: 1000 registros
2025-07-31 17:27:05,270 - INFO - Lote guardado: 1000 registros
2025-07-31 17:27:06,213 - INFO - Lote guardado: 1000 registros
2025-07-31 17:27:07,279 - INFO - Lote guardado: 1000 registros
2025-07-31 17:27:08,329 - INFO - Lote guardado: 1000 registros
2025-07-31 17:27:09,279 - INFO - Lote guardado: 1000 registros
2025-07-31 17:27:10,353 - INFO - Lote guardado: 1000 registros
2025-07-31 17:27:11,390 - INFO - Lote guardado: 1000 registros
2025-07-31 17:27:12,436 - INFO - Lote guardado: 1000 registros
2025-07-31 17:27:13,548 - INFO - Lote guardado: 1000 registros
2025-07-31 17:27:14,903 - INFO - Lote guardado: 1000 registros
2025-07-31 17:27:16,003 - INFO - Lote guardado: 1000 registros
2025-07-31 17:27:17,104 - INFO - Lote guardado: 1000 registros
2025-07-31 17:27:18,212 - INFO - Lote guardado: 1000 registros
2025-07-31 17:27:19,287 - INFO - Lote guardado: 1000 registros
2025-07-31 17:27:20,495 - INFO - Lote guardado: 1000 registros
2025-07-31 17:27:21,546 - INFO - Lote guardado: 1000 registros
2025-07-31 17:27:22,610 - INFO - Lote guardado: 1000 registros
2025-07-31 17:27:23,727 - INFO - Lote guardado: 1000 registros
2025-07-31 17:27:24,795 - INFO - Lote guardado: 1000 registros
2025-07-31 17:27:25,820 - INFO - Lote guardado: 1000 registros
2025-07-31 17:27:26,911 - INFO - Lote guardado: 1000 registros
2025-07-31 17:27:28,033 - INFO - Lote guardado: 1000 registros
2025-07-31 17:27:29,335 - INFO - Lote guardado: 1000 registros
2025-07-31 17:27:30,428 - INFO - Lote guardado: 1000 registros
2025-07-31 17:27:31,536 - INFO - Lote guardado: 1000 registros
2025-07-31 17:27:32,657 - INFO - Lote guardado: 1000 registros
2025-07-31 17:27:33,753 - INFO - Lote guardado: 1000 registros
2025-07-31 17:27:34,869 - INFO - Lote guardado: 1000 registros
2025-07-31 17:27:36,162 - INFO - Lote guardado: 1000 registros
2025-07-31 17:27:37,236 - INFO - Lote guardado: 1000 registros
2025-07-31 17:27:38,328 - INFO - Lote guardado: 1000 registros
2025-07-31 17:27:39,512 - INFO - Lote guardado: 1000 registros
2025-07-31 17:27:40,686 - INFO - Lote guardado: 1000 registros
2025-07-31 17:27:41,802 - INFO - Lote guardado: 1000 registros
2025-07-31 17:27:42,886 - INFO - Lote guardado: 1000 registros
2025-07-31 17:27:43,953 - INFO - Lote guardado: 1000 registros
2025-07-31 17:27:45,128 - INFO - Lote guardado: 1000 registros
2025-07-31 17:27:46,494 - INFO - Lote guardado: 1000 registros
2025-07-31 17:27:47,594 - INFO - Lote guardado: 1000 registros
2025-07-31 17:27:48,693 - INFO - Lote guardado: 1000 registros
2025-07-31 17:27:49,886 - INFO - Lote guardado: 1000 registros
2025-07-31 17:27:51,069 - INFO - Lote guardado: 1000 registros
2025-07-31 17:27:52,484 - INFO - Lote guardado: 1000 registros
2025-07-31 17:27:53,569 - INFO - Lote guardado: 1000 registros
2025-07-31 17:27:54,677 - INFO - Lote guardado: 1000 registros
2025-07-31 17:27:55,886 - INFO - Lote guardado: 1000 registros
2025-07-31 17:27:57,076 - INFO - Lote guardado: 1000 registros
2025-07-31 17:27:58,218 - INFO - Lote guardado: 1000 registros
2025-07-31 17:27:59,277 - INFO - Lote guardado: 1000 registros
2025-07-31 17:28:00,419 - INFO - Lote guardado: 1000 registros
2025-07-31 17:28:01,610 - INFO - Lote guardado: 1000 registros
2025-07-31 17:28:02,835 - INFO - Lote guardado: 1000 registros
2025-07-31 17:28:03,935 - INFO - Lote guardado: 1000 registros
2025-07-31 17:28:05,076 - INFO - Lote guardado: 1000 registros
2025-07-31 17:28:06,343 - INFO - Lote guardado: 1000 registros
2025-07-31 17:28:07,566 - INFO - Lote guardado: 1000 registros
2025-07-31 17:28:08,911 - INFO - Lote guardado: 1000 registros
2025-07-31 17:28:10,060 - INFO - Lote guardado: 1000 registros
2025-07-31 17:28:11,286 - INFO - Lote guardado: 1000 registros
2025-07-31 17:28:12,459 - INFO - Lote guardado: 1000 registros
2025-07-31 17:28:13,609 - INFO - Lote guardado: 1000 registros
2025-07-31 17:28:14,843 - INFO - Lote guardado: 1000 registros
2025-07-31 17:28:16,135 - INFO - Lote guardado: 1000 registros
2025-07-31 17:28:17,401 - INFO - Lote guardado: 1000 registros
2025-07-31 17:28:18,586 - INFO - Lote guardado: 1000 registros
2025-07-31 17:28:19,977 - INFO - Lote guardado: 1000 registros
2025-07-31 17:28:21,217 - INFO - Lote guardado: 1000 registros
2025-07-31 17:28:22,485 - INFO - Lote guardado: 1000 registros
2025-07-31 17:28:23,675 - INFO - Lote guardado: 1000 registros
2025-07-31 17:28:24,810 - INFO - Lote guardado: 1000 registros
2025-07-31 17:28:26,033 - INFO - Lote guardado: 1000 registros
2025-07-31 17:28:27,401 - INFO - Lote guardado: 1000 registros
2025-07-31 17:28:28,561 - INFO - Lote guardado: 1000 registros
2025-07-31 17:28:29,784 - INFO - Lote guardado: 1000 registros
2025-07-31 17:28:31,050 - INFO - Lote guardado: 1000 registros
2025-07-31 17:28:32,242 - INFO - Lote guardado: 1000 registros
2025-07-31 17:28:33,442 - INFO - Lote guardado: 1000 registros
2025-07-31 17:28:34,659 - INFO - Lote guardado: 1000 registros
2025-07-31 17:28:36,024 - INFO - Lote guardado: 1000 registros
2025-07-31 17:28:37,226 - INFO - Lote guardado: 1000 registros
2025-07-31 17:28:38,600 - INFO - Lote guardado: 1000 registros
2025-07-31 17:28:39,941 - INFO - Lote guardado: 1000 registros
2025-07-31 17:28:41,134 - INFO - Lote guardado: 1000 registros
2025-07-31 17:28:41,659 - INFO - Migración completada. Registros: 154210, Errores: 0
2025-07-31 17:28:41,659 - INFO - Tiempo total: 168.32 segundos
2025-07-31 18:27:40,751 - INFO - Eliminados 0 registros existentes
2025-07-31 18:27:46,328 - INFO - Lote guardado: 1000 registros
2025-07-31 18:27:47,269 - INFO - Lote guardado: 1000 registros
2025-07-31 18:27:48,144 - INFO - Lote guardado: 1000 registros
2025-07-31 18:27:49,036 - INFO - Lote guardado: 1000 registros
2025-07-31 18:27:50,045 - INFO - Lote guardado: 1000 registros
2025-07-31 18:27:50,969 - INFO - Lote guardado: 1000 registros
2025-07-31 18:27:51,844 - INFO - Lote guardado: 1000 registros
2025-07-31 18:27:52,711 - INFO - Lote guardado: 1000 registros
2025-07-31 18:27:53,611 - INFO - Lote guardado: 1000 registros
2025-07-31 18:27:54,529 - INFO - Lote guardado: 1000 registros
2025-07-31 18:27:55,604 - INFO - Lote guardado: 1000 registros
2025-07-31 18:27:56,590 - INFO - Lote guardado: 1000 registros
2025-07-31 18:27:57,486 - INFO - Lote guardado: 1000 registros
2025-07-31 18:27:58,378 - INFO - Lote guardado: 1000 registros
2025-07-31 18:27:59,275 - INFO - Lote guardado: 1000 registros
2025-07-31 18:28:00,186 - INFO - Lote guardado: 1000 registros
2025-07-31 18:28:01,236 - INFO - Lote guardado: 1000 registros
2025-07-31 18:28:02,161 - INFO - Lote guardado: 1000 registros
2025-07-31 18:28:03,045 - INFO - Lote guardado: 1000 registros
2025-07-31 18:28:04,010 - INFO - Lote guardado: 1000 registros
2025-07-31 18:28:05,004 - INFO - Lote guardado: 1000 registros
2025-07-31 18:28:05,960 - INFO - Lote guardado: 1000 registros
2025-07-31 18:28:07,069 - INFO - Lote guardado: 1000 registros
2025-07-31 18:28:08,019 - INFO - Lote guardado: 1000 registros
2025-07-31 18:28:08,943 - INFO - Lote guardado: 1000 registros
2025-07-31 18:28:09,902 - INFO - Lote guardado: 1000 registros
2025-07-31 18:28:10,834 - INFO - Lote guardado: 1000 registros
2025-07-31 18:28:11,826 - INFO - Lote guardado: 1000 registros
2025-07-31 18:28:12,953 - INFO - Lote guardado: 1000 registros
2025-07-31 18:28:13,885 - INFO - Lote guardado: 1000 registros
2025-07-31 18:28:14,844 - INFO - Lote guardado: 1000 registros
2025-07-31 18:28:15,861 - INFO - Lote guardado: 1000 registros
2025-07-31 18:28:16,910 - INFO - Lote guardado: 1000 registros
2025-07-31 18:28:17,835 - INFO - Lote guardado: 1000 registros
2025-07-31 18:28:18,952 - INFO - Lote guardado: 1000 registros
2025-07-31 18:28:19,869 - INFO - Lote guardado: 1000 registros
2025-07-31 18:28:20,852 - INFO - Lote guardado: 1000 registros
2025-07-31 18:28:21,810 - INFO - Lote guardado: 1000 registros
2025-07-31 18:28:22,776 - INFO - Lote guardado: 1000 registros
2025-07-31 18:28:23,889 - INFO - Lote guardado: 1000 registros
2025-07-31 18:28:24,826 - INFO - Lote guardado: 1000 registros
2025-07-31 18:28:25,835 - INFO - Lote guardado: 1000 registros
2025-07-31 18:28:26,919 - INFO - Lote guardado: 1000 registros
2025-07-31 18:28:27,926 - INFO - Lote guardado: 1000 registros
2025-07-31 18:28:28,934 - INFO - Lote guardado: 1000 registros
2025-07-31 18:28:29,918 - INFO - Lote guardado: 1000 registros
2025-07-31 18:28:31,060 - INFO - Lote guardado: 1000 registros
2025-07-31 18:28:32,092 - INFO - Lote guardado: 1000 registros
2025-07-31 18:28:33,153 - INFO - Lote guardado: 1000 registros
2025-07-31 18:28:34,143 - INFO - Lote guardado: 1000 registros
2025-07-31 18:28:35,251 - INFO - Lote guardado: 1000 registros
2025-07-31 18:28:36,293 - INFO - Lote guardado: 1000 registros
2025-07-31 18:28:37,519 - INFO - Lote guardado: 1000 registros
2025-07-31 18:28:38,526 - INFO - Lote guardado: 1000 registros
2025-07-31 18:28:39,526 - INFO - Lote guardado: 1000 registros
2025-07-31 18:28:40,560 - INFO - Lote guardado: 1000 registros
2025-07-31 18:28:41,709 - INFO - Lote guardado: 1000 registros
2025-07-31 18:28:42,867 - INFO - Lote guardado: 1000 registros
2025-07-31 18:28:43,884 - INFO - Lote guardado: 1000 registros
2025-07-31 18:28:44,959 - INFO - Lote guardado: 1000 registros
2025-07-31 18:28:46,001 - INFO - Lote guardado: 1000 registros
2025-07-31 18:28:47,092 - INFO - Lote guardado: 1000 registros
2025-07-31 18:28:48,193 - INFO - Lote guardado: 1000 registros
2025-07-31 18:28:49,225 - INFO - Lote guardado: 1000 registros
2025-07-31 18:28:50,267 - INFO - Lote guardado: 1000 registros
2025-07-31 18:28:51,293 - INFO - Lote guardado: 1000 registros
2025-07-31 18:28:52,487 - INFO - Lote guardado: 1000 registros
2025-07-31 18:28:53,592 - INFO - Lote guardado: 1000 registros
2025-07-31 18:28:54,626 - INFO - Lote guardado: 1000 registros
2025-07-31 18:28:55,716 - INFO - Lote guardado: 1000 registros
2025-07-31 18:28:56,784 - INFO - Lote guardado: 1000 registros
2025-07-31 18:28:58,084 - INFO - Lote guardado: 1000 registros
2025-07-31 18:28:59,160 - INFO - Lote guardado: 1000 registros
2025-07-31 18:29:00,191 - INFO - Lote guardado: 1000 registros
2025-07-31 18:29:01,301 - INFO - Lote guardado: 1000 registros
2025-07-31 18:29:02,358 - INFO - Lote guardado: 1000 registros
2025-07-31 18:29:03,499 - INFO - Lote guardado: 1000 registros
2025-07-31 18:29:04,758 - INFO - Lote guardado: 1000 registros
2025-07-31 18:29:05,949 - INFO - Lote guardado: 1000 registros
2025-07-31 18:29:07,090 - INFO - Lote guardado: 1000 registros
2025-07-31 18:29:08,424 - INFO - Lote guardado: 1000 registros
2025-07-31 18:29:09,559 - INFO - Lote guardado: 1000 registros
2025-07-31 18:29:10,725 - INFO - Lote guardado: 1000 registros
2025-07-31 18:29:11,875 - INFO - Lote guardado: 1000 registros
2025-07-31 18:29:13,091 - INFO - Lote guardado: 1000 registros
2025-07-31 18:29:14,433 - INFO - Lote guardado: 1000 registros
2025-07-31 18:29:15,650 - INFO - Lote guardado: 1000 registros
2025-07-31 18:29:16,849 - INFO - Lote guardado: 1000 registros
2025-07-31 18:29:17,991 - INFO - Lote guardado: 1000 registros
2025-07-31 18:29:19,199 - INFO - Lote guardado: 1000 registros
2025-07-31 18:29:20,457 - INFO - Lote guardado: 1000 registros
2025-07-31 18:29:21,632 - INFO - Lote guardado: 1000 registros
2025-07-31 18:29:22,907 - INFO - Lote guardado: 1000 registros
2025-07-31 18:29:24,282 - INFO - Lote guardado: 1000 registros
2025-07-31 18:29:25,499 - INFO - Lote guardado: 1000 registros
2025-07-31 18:29:26,841 - INFO - Lote guardado: 1000 registros
2025-07-31 18:29:28,132 - INFO - Lote guardado: 1000 registros
2025-07-31 18:29:29,465 - INFO - Lote guardado: 1000 registros
2025-07-31 18:29:30,814 - INFO - Lote guardado: 1000 registros
2025-07-31 18:29:32,339 - INFO - Lote guardado: 1000 registros
2025-07-31 18:29:33,716 - INFO - Lote guardado: 1000 registros
2025-07-31 18:29:35,065 - INFO - Lote guardado: 1000 registros
2025-07-31 18:29:36,473 - INFO - Lote guardado: 1000 registros
2025-07-31 18:29:37,748 - INFO - Lote guardado: 1000 registros
2025-07-31 18:29:39,040 - INFO - Lote guardado: 1000 registros
2025-07-31 18:29:40,357 - INFO - Lote guardado: 1000 registros
2025-07-31 18:29:41,682 - INFO - Lote guardado: 1000 registros
2025-07-31 18:29:42,998 - INFO - Lote guardado: 1000 registros
2025-07-31 18:29:44,481 - INFO - Lote guardado: 1000 registros
2025-07-31 18:29:45,715 - INFO - Lote guardado: 1000 registros
2025-07-31 18:29:47,007 - INFO - Lote guardado: 1000 registros
2025-07-31 18:29:48,335 - INFO - Lote guardado: 1000 registros
2025-07-31 18:29:49,647 - INFO - Lote guardado: 1000 registros
2025-07-31 18:29:51,106 - INFO - Lote guardado: 1000 registros
2025-07-31 18:29:52,431 - INFO - Lote guardado: 1000 registros
2025-07-31 18:29:53,839 - INFO - Lote guardado: 1000 registros
2025-07-31 18:29:55,207 - INFO - Lote guardado: 1000 registros
2025-07-31 18:29:56,563 - INFO - Lote guardado: 1000 registros
2025-07-31 18:29:57,898 - INFO - Lote guardado: 1000 registros
2025-07-31 18:29:59,231 - INFO - Lote guardado: 1000 registros
2025-07-31 18:30:00,497 - INFO - Lote guardado: 1000 registros
2025-07-31 18:30:01,806 - INFO - Lote guardado: 1000 registros
2025-07-31 18:30:03,381 - INFO - Lote guardado: 1000 registros
2025-07-31 18:30:04,829 - INFO - Lote guardado: 1000 registros
2025-07-31 18:30:06,239 - INFO - Lote guardado: 1000 registros
2025-07-31 18:30:07,664 - INFO - Lote guardado: 1000 registros
2025-07-31 18:30:09,080 - INFO - Lote guardado: 1000 registros
2025-07-31 18:30:10,730 - INFO - Lote guardado: 1000 registros
2025-07-31 18:30:12,180 - INFO - Lote guardado: 1000 registros
2025-07-31 18:30:13,581 - INFO - Lote guardado: 1000 registros
2025-07-31 18:30:14,997 - INFO - Lote guardado: 1000 registros
2025-07-31 18:30:16,412 - INFO - Lote guardado: 1000 registros
2025-07-31 18:30:17,904 - INFO - Lote guardado: 1000 registros
2025-07-31 18:30:19,331 - INFO - Lote guardado: 1000 registros
2025-07-31 18:30:20,780 - INFO - Lote guardado: 1000 registros
2025-07-31 18:30:22,205 - INFO - Lote guardado: 1000 registros
2025-07-31 18:30:23,805 - INFO - Lote guardado: 1000 registros
2025-07-31 18:30:25,172 - INFO - Lote guardado: 1000 registros
2025-07-31 18:30:26,647 - INFO - Lote guardado: 1000 registros
2025-07-31 18:30:28,078 - INFO - Lote guardado: 1000 registros
2025-07-31 18:30:29,537 - INFO - Lote guardado: 1000 registros
2025-07-31 18:30:30,954 - INFO - Lote guardado: 1000 registros
2025-07-31 18:30:32,607 - INFO - Lote guardado: 1000 registros
2025-07-31 18:30:34,063 - INFO - Lote guardado: 1000 registros
2025-07-31 18:30:35,512 - INFO - Lote guardado: 1000 registros
2025-07-31 18:30:36,986 - INFO - Lote guardado: 1000 registros
2025-07-31 18:30:38,495 - INFO - Lote guardado: 1000 registros
2025-07-31 18:30:40,064 - INFO - Lote guardado: 1000 registros
2025-07-31 18:30:41,537 - INFO - Lote guardado: 1000 registros
2025-07-31 18:30:43,069 - INFO - Lote guardado: 1000 registros
2025-07-31 18:30:44,563 - INFO - Lote guardado: 1000 registros
2025-07-31 18:30:46,256 - INFO - Lote guardado: 1000 registros
2025-07-31 18:30:47,745 - INFO - Lote guardado: 1000 registros
2025-07-31 18:30:49,304 - INFO - Lote guardado: 1000 registros
2025-07-31 18:30:49,979 - INFO - Migración completada. Registros: 154210, Errores: 0
2025-07-31 18:30:49,979 - INFO - Tiempo total: 189.24 segundos
