2025-11-03 20:27:19,904 - INFO - Eliminados 0 registros existentes
2025-11-03 20:28:53,711 - INFO - Eliminados 0 registros existentes
2025-11-03 20:28:53,711 - INFO - Cargando cache de relaciones...
2025-11-03 20:29:02,650 - INFO - Lote guardado: 1000 registros
2025-11-03 20:29:02,904 - INFO - Lote guardado: 1000 registros
2025-11-03 20:29:03,167 - INFO - Lote guardado: 1000 registros
2025-11-03 20:29:03,454 - INFO - Lote guardado: 1000 registros
2025-11-03 20:29:03,701 - INFO - Lote guardado: 1000 registros
2025-11-03 20:29:03,935 - INFO - Lote guardado: 1000 registros
2025-11-03 20:29:03,935 - WARNING - CANTIDAD excede límites: 131756 en registro ID 1569043
2025-11-03 20:29:03,935 - WARNING - RETIRADO excede límites: 131756 en registro ID 1569043
2025-11-03 20:29:04,004 - ERROR - Error en lote de 1000 registros: [<class 'decimal.InvalidOperation'>]
2025-11-03 20:29:04,004 - ERROR - Último registro procesado: ID=1579734, CODIGO=140600
2025-11-03 20:29:04,004 - INFO - Identificando registro problemático...
2025-11-03 20:29:05,151 - ERROR - Registro problemático encontrado en posición 11:
2025-11-03 20:29:05,151 - ERROR -   ID Factura: 1569043
2025-11-03 20:29:05,151 - ERROR -   ID Producto: 180000
2025-11-03 20:29:05,151 - ERROR -   Cantidad: 131756
2025-11-03 20:29:05,151 - ERROR -   Retirado: 131756
2025-11-03 20:29:05,151 - ERROR -   Fecha: 2024-11-25
2025-11-03 20:29:05,151 - ERROR -   Número: 400003669
2025-11-03 20:29:05,151 - ERROR -   Comentario: None
2025-11-03 20:29:05,151 - ERROR -   Error específico: [<class 'decimal.InvalidOperation'>]
2025-11-03 20:30:52,584 - INFO - Lote guardado: 1000 registros
2025-11-03 20:30:53,016 - INFO - Lote guardado: 1000 registros
2025-11-03 20:30:53,263 - INFO - Lote guardado: 1000 registros
2025-11-03 20:30:53,556 - INFO - Lote guardado: 1000 registros
2025-11-03 20:30:53,818 - INFO - Lote guardado: 1000 registros
2025-11-03 20:30:54,083 - INFO - Lote guardado: 1000 registros
2025-11-03 20:30:54,341 - INFO - Lote guardado: 1000 registros
2025-11-03 20:30:54,596 - INFO - Lote guardado: 1000 registros
2025-11-03 20:30:54,791 - INFO - Último lote guardado: 208 registros
2025-11-03 20:30:54,791 - INFO - 
RESUMEN FINAL:
2025-11-03 20:30:54,791 - INFO - Total registros procesados: 15208
2025-11-03 20:30:54,792 - INFO - Registros migrados exitosamente: 15207
2025-11-03 20:30:54,792 - INFO - Facturas no encontradas: 0
2025-11-03 20:30:54,792 - INFO - Productos no encontrados: 0
2025-11-03 20:30:54,792 - INFO - Decimales inválidos (RETIRADO): 0
2025-11-03 20:30:54,792 - INFO - Fechas inválidas: 0
2025-11-03 20:30:54,792 - INFO - Enteros inválidos (NUMERO): 0
2025-11-03 20:30:54,792 - INFO - Otros errores: 1
2025-11-03 20:30:54,793 - INFO - Tasa de éxito: 99.99%
2025-11-03 21:01:57,649 - INFO - Eliminados 15207 registros existentes
2025-11-03 21:01:57,843 - INFO - Cargando cache de relaciones...
2025-11-03 21:02:08,407 - INFO - Lote guardado: 1000 registros
2025-11-03 21:02:08,662 - INFO - Lote guardado: 1000 registros
2025-11-03 21:02:08,937 - INFO - Lote guardado: 1000 registros
2025-11-03 21:02:09,223 - INFO - Lote guardado: 1000 registros
2025-11-03 21:02:09,490 - INFO - Lote guardado: 1000 registros
2025-11-03 21:02:09,740 - INFO - Lote guardado: 1000 registros
2025-11-03 21:02:10,023 - INFO - Lote guardado: 1000 registros
2025-11-03 21:02:10,274 - INFO - Lote guardado: 1000 registros
2025-11-03 21:02:10,724 - INFO - Lote guardado: 1000 registros
2025-11-03 21:02:10,998 - INFO - Lote guardado: 1000 registros
2025-11-03 21:02:11,256 - INFO - Lote guardado: 1000 registros
2025-11-03 21:02:11,498 - INFO - Lote guardado: 1000 registros
2025-11-03 21:02:11,773 - INFO - Lote guardado: 1000 registros
2025-11-03 21:02:12,039 - INFO - Lote guardado: 1000 registros
2025-11-03 21:02:12,324 - INFO - Lote guardado: 1000 registros
2025-11-03 21:02:12,498 - INFO - Último lote guardado: 208 registros
2025-11-03 21:02:12,498 - INFO - 
RESUMEN FINAL:
2025-11-03 21:02:12,498 - INFO - Total registros procesados: 15208
2025-11-03 21:02:12,498 - INFO - Registros migrados exitosamente: 15208
2025-11-03 21:02:12,499 - INFO - Facturas no encontradas: 0
2025-11-03 21:02:12,499 - INFO - Productos no encontrados: 0
2025-11-03 21:02:12,499 - INFO - Decimales inválidos (RETIRADO): 0
2025-11-03 21:02:12,499 - INFO - Fechas inválidas: 0
2025-11-03 21:02:12,499 - INFO - Enteros inválidos (NUMERO): 0
2025-11-03 21:02:12,500 - INFO - Otros errores: 0
2025-11-03 21:02:12,500 - INFO - Tasa de éxito: 100.00%
2025-11-03 21:45:32,208 - INFO - Eliminados 15208 registros existentes
2025-11-03 21:45:52,794 - INFO - Eliminados 0 registros existentes
2025-11-03 21:45:52,797 - INFO - Cargando cache de relaciones...
2025-11-03 21:46:02,660 - INFO - Lote guardado: 1000 registros
2025-11-03 21:46:02,945 - INFO - Lote guardado: 1000 registros
2025-11-03 21:46:03,228 - INFO - Lote guardado: 1000 registros
2025-11-03 21:46:03,557 - INFO - Lote guardado: 1000 registros
2025-11-03 21:46:03,836 - INFO - Lote guardado: 1000 registros
2025-11-03 21:46:04,104 - INFO - Lote guardado: 1000 registros
2025-11-03 21:46:04,389 - INFO - Lote guardado: 1000 registros
2025-11-03 21:46:04,668 - INFO - Lote guardado: 1000 registros
2025-11-03 21:46:05,161 - INFO - Lote guardado: 1000 registros
2025-11-03 21:46:05,414 - INFO - Lote guardado: 1000 registros
2025-11-03 21:46:05,659 - INFO - Lote guardado: 1000 registros
2025-11-03 21:46:05,927 - INFO - Lote guardado: 1000 registros
2025-11-03 21:46:06,194 - INFO - Lote guardado: 1000 registros
2025-11-03 21:46:06,471 - INFO - Lote guardado: 1000 registros
2025-11-03 21:46:06,706 - INFO - Lote guardado: 1000 registros
2025-11-03 21:46:06,879 - INFO - Último lote guardado: 208 registros
2025-11-03 21:46:06,880 - INFO - 
RESUMEN FINAL:
2025-11-03 21:46:06,880 - INFO - Total registros procesados: 15208
2025-11-03 21:46:06,880 - INFO - Registros migrados exitosamente: 15208
2025-11-03 21:46:06,880 - INFO - Facturas no encontradas: 0
2025-11-03 21:46:06,881 - INFO - Productos no encontrados: 0
2025-11-03 21:46:06,881 - INFO - Decimales inválidos (RETIRADO): 0
2025-11-03 21:46:06,881 - INFO - Fechas inválidas: 0
2025-11-03 21:46:06,881 - INFO - Enteros inválidos (NUMERO): 0
2025-11-03 21:46:06,881 - INFO - Otros errores: 0
2025-11-03 21:46:06,881 - INFO - Tasa de éxito: 100.00%
